Copyright 1986-2020 Xilinx, Inc. All Rights Reserved.
---------------------------------------------------------------------------------------
| Tool Version : Vivado v.2020.1 (win64) Build 2902540 Wed May 27 19:54:49 MDT 2020
| Date         : Sun Jan  3 21:46:45 2021
| Host         : DESKTOP-PSHTFUI running 64-bit major release  (build 9200)
| Command      : report_control_sets -verbose -file snake_game_control_sets_placed.rpt
| Design       : snake_game
| Device       : xc7a35ti
---------------------------------------------------------------------------------------

Control Set Information

Table of Contents
-----------------
1. Summary
2. Histogram
3. Flip-Flop Distribution
4. Detailed Control Set Information

1. Summary
----------

+----------------------------------------------------------+-------+
|                          Status                          | Count |
+----------------------------------------------------------+-------+
| Total control sets                                       |     6 |
|    Minimum number of control sets                        |     6 |
|    Addition due to synthesis replication                 |     0 |
|    Addition due to physical synthesis replication        |     0 |
| Unused register locations in slices containing registers |    39 |
+----------------------------------------------------------+-------+
* Control sets can be merged at opt_design using control_set_merge or merge_equivalent_drivers
** Run report_qor_suggestions for automated merging and remapping suggestions


2. Histogram
------------

+--------------------+-------+
|       Fanout       | Count |
+--------------------+-------+
| Total control sets |     6 |
| >= 0 to < 4        |     2 |
| >= 4 to < 6        |     0 |
| >= 6 to < 8        |     0 |
| >= 8 to < 10       |     1 |
| >= 10 to < 12      |     2 |
| >= 12 to < 14      |     0 |
| >= 14 to < 16      |     0 |
| >= 16              |     1 |
+--------------------+-------+
* Control sets can be remapped at either synth_design or opt_design


3. Flip-Flop Distribution
-------------------------

+--------------+-----------------------+------------------------+-----------------+--------------+
| Clock Enable | Synchronous Set/Reset | Asynchronous Set/Reset | Total Registers | Total Slices |
+--------------+-----------------------+------------------------+-----------------+--------------+
| No           | No                    | No                     |               1 |            1 |
| No           | No                    | Yes                    |               0 |            0 |
| No           | Yes                   | No                     |              19 |            7 |
| Yes          | No                    | No                     |               9 |            2 |
| Yes          | No                    | Yes                    |               0 |            0 |
| Yes          | Yes                   | No                     |              20 |            6 |
+--------------+-----------------------+------------------------+-----------------+--------------+


4. Detailed Control Set Information
-----------------------------------

+-----------------------------+----------------------------+----------------------------+------------------+----------------+--------------+
|         Clock Signal        |        Enable Signal       |      Set/Reset Signal      | Slice Load Count | Bel Load Count | Bels / Slice |
+-----------------------------+----------------------------+----------------------------+------------------+----------------+--------------+
|  clk_divider0/clk_out_reg_0 |                            |                            |                1 |              1 |         1.00 |
|  clk_divider0/clk_out_reg_0 |                            | vs0/SR[0]                  |                2 |              2 |         1.00 |
|  clk_IBUF_BUFG              | reset_n_IBUF               |                            |                2 |              9 |         4.50 |
|  clk_divider0/clk_out_reg_0 | vs0/pixel_tick             | vs0/h_count_reg[9]_i_1_n_0 |                2 |             10 |         5.00 |
|  clk_divider0/clk_out_reg_0 | vs0/v_count_reg[9]_i_2_n_0 | vs0/v_count_reg[9]_i_1_n_0 |                4 |             10 |         2.50 |
|  clk_IBUF_BUFG              |                            | vs0/SR[0]                  |                5 |             17 |         3.40 |
+-----------------------------+----------------------------+----------------------------+------------------+----------------+--------------+


