#-----------------------------------------------------------
# Vivado v2020.1 (64-bit)
# SW Build 2902540 on Wed May 27 19:54:49 MDT 2020
# IP Build 2902112 on Wed May 27 22:43:36 MDT 2020
# Start of session at: Sun Jan 10 22:25:04 2021
# Process ID: 4544
# Current directory: C:/Users/Shlab29/Desktop/dcl_reset/dcl_final_project/snake_game
# Command line: vivado.exe -gui_launcher_event rodinguilauncherevent12076 C:\Users\Shlab29\Desktop\dcl_reset\dcl_final_project\snake_game\snake_game.xpr
# Log file: C:/Users/Shlab29/Desktop/dcl_reset/dcl_final_project/snake_game/vivado.log
# Journal file: C:/Users/Shlab29/Desktop/dcl_reset/dcl_final_project/snake_game\vivado.jou
#-----------------------------------------------------------
start_gui
open_project C:/Users/Shlab29/Desktop/dcl_reset/dcl_final_project/snake_game/snake_game.xpr
Scanning sources...
Finished scanning sources
INFO: [IP_Flow 19-234] Refreshing IP repositories
INFO: [IP_Flow 19-1704] No user IP repositories specified
INFO: [IP_Flow 19-2313] Loaded Vivado IP repository 'C:/Xilinx/Vivado/2020.1/data/ip'.
update_compile_order -fileset sources_1
update_compile_order -fileset sources_1
reset_run synth_1
launch_runs impl_1 -to_step write_bitstream -jobs 6
[Sun Jan 10 22:28:30 2021] Launched synth_1...
Run output will be captured here: C:/Users/Shlab29/Desktop/dcl_reset/dcl_final_project/snake_game/snake_game.runs/synth_1/runme.log
[Sun Jan 10 22:28:30 2021] Launched impl_1...
Run output will be captured here: C:/Users/Shlab29/Desktop/dcl_reset/dcl_final_project/snake_game/snake_game.runs/impl_1/runme.log
open_hw_manager
connect_hw_server -allow_non_jtag
INFO: [Labtools 27-2285] Connecting to hw_server url TCP:localhost:3121
INFO: [Labtools 27-2222] Launching hw_server...
INFO: [Labtools 27-2221] Launch Output:

****** Xilinx hw_server v2020.1
  **** Build date : May 27 2020 at 20:24:38
    ** Copyright 1986-2020 Xilinx, Inc. All Rights Reserved.


INFO: [Labtools 27-3415] Connecting to cs_server url TCP:localhost:3042
INFO: [Labtools 27-3417] Launching cs_server...
INFO: [Labtools 27-2221] Launch Output:


****** Xilinx cs_server v2020.1.0
  **** Build date : May 14 2020-09:10:29
    ** Copyright 2017-2020 Xilinx, Inc. All Rights Reserved.



connect_hw_server: Time (s): cpu = 00:00:03 ; elapsed = 00:00:10 . Memory (MB): peak = 1012.688 ; gain = 0.000
open_hw_target
INFO: [Labtoolstcl 44-466] Opening hw_target localhost:3121/xilinx_tcf/Digilent/210319A43754A
set_property PROGRAM.FILE {C:\Users\Shlab29\Desktop\dcl_final_project\snake_game\snake_game.runs\impl_1\snake_game.bit} [get_hw_devices xc7a35t_0]
current_hw_device [get_hw_devices xc7a35t_0]
refresh_hw_device -update_hw_probes false [lindex [get_hw_devices xc7a35t_0] 0]
INFO: [Labtools 27-1434] Device xc7a35t (JTAG device index = 0) is programmed with a design that has no supported debug core(s) in it.
open_run synth_1 -name synth_1
Design is defaulting to impl run constrset: constrs_1
Design is defaulting to synth run part: xc7a35ticsg324-1L
INFO: [Device 21-403] Loading part xc7a35ticsg324-1L
Netlist sorting complete. Time (s): cpu = 00:00:00 ; elapsed = 00:00:00.048 . Memory (MB): peak = 2466.879 ; gain = 0.000
INFO: [Netlist 29-17] Analyzing 451 Unisim elements for replacement
INFO: [Netlist 29-28] Unisim Transformation completed in 0 CPU seconds
WARNING: [Netlist 29-101] Netlist 'snake_game' is not ideal for floorplanning, since the cellview 'logic' contains a large number of primitives.  Please consider enabling hierarchy in synthesis if you want to do floorplanning.
INFO: [Project 1-479] Netlist was created with Vivado 2020.1
INFO: [Project 1-570] Preparing netlist for logic optimization
Parsing XDC File [C:/Users/Shlab29/Desktop/dcl_reset/dcl_final_project/snake_game/snake_game.srcs/constrs_1/new/snake_game.xdc]
Finished Parsing XDC File [C:/Users/Shlab29/Desktop/dcl_reset/dcl_final_project/snake_game/snake_game.srcs/constrs_1/new/snake_game.xdc]
INFO: [Opt 31-138] Pushed 0 inverter(s) to 0 load pin(s).
Netlist sorting complete. Time (s): cpu = 00:00:00 ; elapsed = 00:00:00.001 . Memory (MB): peak = 2589.594 ; gain = 0.000
INFO: [Project 1-111] Unisim Transformation Summary:
  A total of 24 instances were transformed.
  RAM64M => RAM64M (RAMD64E(x4)): 12 instances
  RAM64X1D => RAM64X1D (RAMD64E(x2)): 12 instances

open_run: Time (s): cpu = 00:00:15 ; elapsed = 00:00:13 . Memory (MB): peak = 2704.086 ; gain = 509.379
set_property PROBES.FILE {} [get_hw_devices xc7a35t_0]
set_property FULL_PROBES.FILE {} [get_hw_devices xc7a35t_0]
set_property PROGRAM.FILE {C:/Users/Shlab29/Desktop/dcl_reset/dcl_final_project/snake_game/snake_game.runs/impl_1/snake_game.bit} [get_hw_devices xc7a35t_0]
program_hw_devices [get_hw_devices xc7a35t_0]
INFO: [Labtools 27-3164] End of startup status: HIGH
refresh_hw_device [lindex [get_hw_devices xc7a35t_0] 0]
INFO: [Labtools 27-1434] Device xc7a35t (JTAG device index = 0) is programmed with a design that has no supported debug core(s) in it.
set_property PROBES.FILE {} [get_hw_devices xc7a35t_0]
set_property FULL_PROBES.FILE {} [get_hw_devices xc7a35t_0]
set_property PROGRAM.FILE {C:/Users/Shlab29/Desktop/dcl_reset/dcl_final_project/snake_game/snake_game.runs/impl_1/snake_game.bit} [get_hw_devices xc7a35t_0]
program_hw_devices [get_hw_devices xc7a35t_0]
INFO: [Labtools 27-3164] End of startup status: HIGH
refresh_hw_device [lindex [get_hw_devices xc7a35t_0] 0]
INFO: [Labtools 27-1434] Device xc7a35t (JTAG device index = 0) is programmed with a design that has no supported debug core(s) in it.
set_property PROBES.FILE {} [get_hw_devices xc7a35t_0]
set_property FULL_PROBES.FILE {} [get_hw_devices xc7a35t_0]
set_property PROGRAM.FILE {C:/Users/Shlab29/Desktop/dcl_reset/dcl_final_project/snake_game/snake_game.runs/impl_1/snake_game.bit} [get_hw_devices xc7a35t_0]
program_hw_devices [get_hw_devices xc7a35t_0]
INFO: [Labtools 27-3164] End of startup status: HIGH
refresh_hw_device [lindex [get_hw_devices xc7a35t_0] 0]
INFO: [Labtools 27-1434] Device xc7a35t (JTAG device index = 0) is programmed with a design that has no supported debug core(s) in it.
reset_run synth_1
launch_runs impl_1 -to_step write_bitstream -jobs 6
WARNING: [Project 1-478] Design 'synth_1' is stale and will not be used when launching 'impl_1'
[Sun Jan 10 22:51:27 2021] Launched synth_1...
Run output will be captured here: C:/Users/Shlab29/Desktop/dcl_reset/dcl_final_project/snake_game/snake_game.runs/synth_1/runme.log
[Sun Jan 10 22:51:27 2021] Launched impl_1...
Run output will be captured here: C:/Users/Shlab29/Desktop/dcl_reset/dcl_final_project/snake_game/snake_game.runs/impl_1/runme.log
set_property PROBES.FILE {} [get_hw_devices xc7a35t_0]
set_property FULL_PROBES.FILE {} [get_hw_devices xc7a35t_0]
set_property PROGRAM.FILE {C:/Users/Shlab29/Desktop/dcl_reset/dcl_final_project/snake_game/snake_game.runs/impl_1/snake_game.bit} [get_hw_devices xc7a35t_0]
program_hw_devices [get_hw_devices xc7a35t_0]
INFO: [Labtools 27-3164] End of startup status: HIGH
refresh_hw_device [lindex [get_hw_devices xc7a35t_0] 0]
INFO: [Labtools 27-1434] Device xc7a35t (JTAG device index = 0) is programmed with a design that has no supported debug core(s) in it.
set_property PROBES.FILE {} [get_hw_devices xc7a35t_0]
set_property FULL_PROBES.FILE {} [get_hw_devices xc7a35t_0]
set_property PROGRAM.FILE {C:/Users/Shlab29/Desktop/dcl_reset/dcl_final_project/snake_game/snake_game.runs/impl_1/snake_game.bit} [get_hw_devices xc7a35t_0]
program_hw_devices [get_hw_devices xc7a35t_0]
INFO: [Labtools 27-3164] End of startup status: HIGH
refresh_hw_device [lindex [get_hw_devices xc7a35t_0] 0]
INFO: [Labtools 27-1434] Device xc7a35t (JTAG device index = 0) is programmed with a design that has no supported debug core(s) in it.
reset_run synth_1
launch_runs impl_1 -to_step write_bitstream -jobs 6
WARNING: [Project 1-478] Design 'synth_1' is stale and will not be used when launching 'impl_1'
[Sun Jan 10 23:29:26 2021] Launched synth_1...
Run output will be captured here: C:/Users/Shlab29/Desktop/dcl_reset/dcl_final_project/snake_game/snake_game.runs/synth_1/runme.log
[Sun Jan 10 23:29:26 2021] Launched impl_1...
Run output will be captured here: C:/Users/Shlab29/Desktop/dcl_reset/dcl_final_project/snake_game/snake_game.runs/impl_1/runme.log
set_property PROBES.FILE {} [get_hw_devices xc7a35t_0]
set_property FULL_PROBES.FILE {} [get_hw_devices xc7a35t_0]
set_property PROGRAM.FILE {C:/Users/Shlab29/Desktop/dcl_reset/dcl_final_project/snake_game/snake_game.runs/impl_1/snake_game.bit} [get_hw_devices xc7a35t_0]
program_hw_devices [get_hw_devices xc7a35t_0]
INFO: [Labtools 27-3164] End of startup status: HIGH
refresh_hw_device [lindex [get_hw_devices xc7a35t_0] 0]
INFO: [Labtools 27-1434] Device xc7a35t (JTAG device index = 0) is programmed with a design that has no supported debug core(s) in it.
reset_run synth_1
launch_runs impl_1 -to_step write_bitstream -jobs 6
WARNING: [Project 1-478] Design 'synth_1' is stale and will not be used when launching 'impl_1'
[Sun Jan 10 23:59:45 2021] Launched synth_1...
Run output will be captured here: C:/Users/Shlab29/Desktop/dcl_reset/dcl_final_project/snake_game/snake_game.runs/synth_1/runme.log
[Sun Jan 10 23:59:45 2021] Launched impl_1...
Run output will be captured here: C:/Users/Shlab29/Desktop/dcl_reset/dcl_final_project/snake_game/snake_game.runs/impl_1/runme.log
reset_run synth_1
launch_runs impl_1 -to_step write_bitstream -jobs 6
WARNING: [Project 1-478] Design 'synth_1' is stale and will not be used when launching 'impl_1'
[Mon Jan 11 00:51:45 2021] Launched synth_1...
Run output will be captured here: C:/Users/Shlab29/Desktop/dcl_reset/dcl_final_project/snake_game/snake_game.runs/synth_1/runme.log
[Mon Jan 11 00:51:46 2021] Launched impl_1...
Run output will be captured here: C:/Users/Shlab29/Desktop/dcl_reset/dcl_final_project/snake_game/snake_game.runs/impl_1/runme.log
reset_run synth_1
launch_runs impl_1 -to_step write_bitstream -jobs 6
WARNING: [Project 1-478] Design 'synth_1' is stale and will not be used when launching 'impl_1'
[Mon Jan 11 00:56:39 2021] Launched synth_1...
Run output will be captured here: C:/Users/Shlab29/Desktop/dcl_reset/dcl_final_project/snake_game/snake_game.runs/synth_1/runme.log
[Mon Jan 11 00:56:39 2021] Launched impl_1...
Run output will be captured here: C:/Users/Shlab29/Desktop/dcl_reset/dcl_final_project/snake_game/snake_game.runs/impl_1/runme.log
add_files -norecurse C:/Users/Shlab29/Desktop/dcl_reset/dcl_final_project/snake_game/snake_game.srcs/sources_1/new/sram_score.v
update_compile_order -fileset sources_1
reset_run synth_1
launch_runs impl_1 -to_step write_bitstream -jobs 6
WARNING: [Project 1-478] Design 'synth_1' is stale and will not be used when launching 'impl_1'
[Mon Jan 11 00:58:47 2021] Launched synth_1...
Run output will be captured here: C:/Users/Shlab29/Desktop/dcl_reset/dcl_final_project/snake_game/snake_game.runs/synth_1/runme.log
[Mon Jan 11 00:58:47 2021] Launched impl_1...
Run output will be captured here: C:/Users/Shlab29/Desktop/dcl_reset/dcl_final_project/snake_game/snake_game.runs/impl_1/runme.log
reset_run synth_1
launch_runs impl_1 -to_step write_bitstream -jobs 6
WARNING: [Project 1-478] Design 'synth_1' is stale and will not be used when launching 'impl_1'
[Mon Jan 11 01:11:19 2021] Launched synth_1...
Run output will be captured here: C:/Users/Shlab29/Desktop/dcl_reset/dcl_final_project/snake_game/snake_game.runs/synth_1/runme.log
[Mon Jan 11 01:11:19 2021] Launched impl_1...
Run output will be captured here: C:/Users/Shlab29/Desktop/dcl_reset/dcl_final_project/snake_game/snake_game.runs/impl_1/runme.log
reset_run synth_1
launch_runs impl_1 -to_step write_bitstream -jobs 6
WARNING: [Project 1-478] Design 'synth_1' is stale and will not be used when launching 'impl_1'
[Mon Jan 11 01:12:43 2021] Launched synth_1...
Run output will be captured here: C:/Users/Shlab29/Desktop/dcl_reset/dcl_final_project/snake_game/snake_game.runs/synth_1/runme.log
[Mon Jan 11 01:12:43 2021] Launched impl_1...
Run output will be captured here: C:/Users/Shlab29/Desktop/dcl_reset/dcl_final_project/snake_game/snake_game.runs/impl_1/runme.log
set_property PROBES.FILE {} [get_hw_devices xc7a35t_0]
set_property FULL_PROBES.FILE {} [get_hw_devices xc7a35t_0]
set_property PROGRAM.FILE {C:/Users/Shlab29/Desktop/dcl_reset/dcl_final_project/snake_game/snake_game.runs/impl_1/snake_game.bit} [get_hw_devices xc7a35t_0]
program_hw_devices [get_hw_devices xc7a35t_0]
INFO: [Labtools 27-3164] End of startup status: HIGH
refresh_hw_device [lindex [get_hw_devices xc7a35t_0] 0]
INFO: [Labtools 27-1434] Device xc7a35t (JTAG device index = 0) is programmed with a design that has no supported debug core(s) in it.
reset_run synth_1
launch_runs impl_1 -to_step write_bitstream -jobs 6
WARNING: [Project 1-478] Design 'synth_1' is stale and will not be used when launching 'impl_1'
[Mon Jan 11 02:08:50 2021] Launched synth_1...
Run output will be captured here: C:/Users/Shlab29/Desktop/dcl_reset/dcl_final_project/snake_game/snake_game.runs/synth_1/runme.log
[Mon Jan 11 02:08:50 2021] Launched impl_1...
Run output will be captured here: C:/Users/Shlab29/Desktop/dcl_reset/dcl_final_project/snake_game/snake_game.runs/impl_1/runme.log
set_property PROBES.FILE {} [get_hw_devices xc7a35t_0]
set_property FULL_PROBES.FILE {} [get_hw_devices xc7a35t_0]
set_property PROGRAM.FILE {C:/Users/Shlab29/Desktop/dcl_reset/dcl_final_project/snake_game/snake_game.runs/impl_1/snake_game.bit} [get_hw_devices xc7a35t_0]
program_hw_devices [get_hw_devices xc7a35t_0]
INFO: [Labtools 27-3164] End of startup status: HIGH
refresh_hw_device [lindex [get_hw_devices xc7a35t_0] 0]
INFO: [Labtools 27-1434] Device xc7a35t (JTAG device index = 0) is programmed with a design that has no supported debug core(s) in it.
reset_run synth_1
launch_runs impl_1 -to_step write_bitstream -jobs 6
WARNING: [Project 1-478] Design 'synth_1' is stale and will not be used when launching 'impl_1'
[Mon Jan 11 02:30:46 2021] Launched synth_1...
Run output will be captured here: C:/Users/Shlab29/Desktop/dcl_reset/dcl_final_project/snake_game/snake_game.runs/synth_1/runme.log
[Mon Jan 11 02:30:46 2021] Launched impl_1...
Run output will be captured here: C:/Users/Shlab29/Desktop/dcl_reset/dcl_final_project/snake_game/snake_game.runs/impl_1/runme.log
reset_run synth_1
launch_runs impl_1 -to_step write_bitstream -jobs 6
WARNING: [Project 1-478] Design 'synth_1' is stale and will not be used when launching 'impl_1'
[Mon Jan 11 02:31:34 2021] Launched synth_1...
Run output will be captured here: C:/Users/Shlab29/Desktop/dcl_reset/dcl_final_project/snake_game/snake_game.runs/synth_1/runme.log
[Mon Jan 11 02:31:34 2021] Launched impl_1...
Run output will be captured here: C:/Users/Shlab29/Desktop/dcl_reset/dcl_final_project/snake_game/snake_game.runs/impl_1/runme.log
set_property PROBES.FILE {} [get_hw_devices xc7a35t_0]
set_property FULL_PROBES.FILE {} [get_hw_devices xc7a35t_0]
set_property PROGRAM.FILE {C:/Users/Shlab29/Desktop/dcl_reset/dcl_final_project/snake_game/snake_game.runs/impl_1/snake_game.bit} [get_hw_devices xc7a35t_0]
program_hw_devices [get_hw_devices xc7a35t_0]
INFO: [Labtools 27-3164] End of startup status: HIGH
refresh_hw_device [lindex [get_hw_devices xc7a35t_0] 0]
INFO: [Labtools 27-1434] Device xc7a35t (JTAG device index = 0) is programmed with a design that has no supported debug core(s) in it.
reset_run synth_1
launch_runs impl_1 -to_step write_bitstream -jobs 6
WARNING: [Project 1-478] Design 'synth_1' is stale and will not be used when launching 'impl_1'
[Mon Jan 11 02:53:33 2021] Launched synth_1...
Run output will be captured here: C:/Users/Shlab29/Desktop/dcl_reset/dcl_final_project/snake_game/snake_game.runs/synth_1/runme.log
[Mon Jan 11 02:53:33 2021] Launched impl_1...
Run output will be captured here: C:/Users/Shlab29/Desktop/dcl_reset/dcl_final_project/snake_game/snake_game.runs/impl_1/runme.log
set_property PROBES.FILE {} [get_hw_devices xc7a35t_0]
set_property FULL_PROBES.FILE {} [get_hw_devices xc7a35t_0]
set_property PROGRAM.FILE {C:/Users/Shlab29/Desktop/dcl_reset/dcl_final_project/snake_game/snake_game.runs/impl_1/snake_game.bit} [get_hw_devices xc7a35t_0]
program_hw_devices [get_hw_devices xc7a35t_0]
INFO: [Labtools 27-3164] End of startup status: HIGH
refresh_hw_device [lindex [get_hw_devices xc7a35t_0] 0]
INFO: [Labtools 27-1434] Device xc7a35t (JTAG device index = 0) is programmed with a design that has no supported debug core(s) in it.
reset_run synth_1
launch_runs impl_1 -to_step write_bitstream -jobs 6
WARNING: [Project 1-478] Design 'synth_1' is stale and will not be used when launching 'impl_1'
[Mon Jan 11 03:54:57 2021] Launched synth_1...
Run output will be captured here: C:/Users/Shlab29/Desktop/dcl_reset/dcl_final_project/snake_game/snake_game.runs/synth_1/runme.log
[Mon Jan 11 03:54:57 2021] Launched impl_1...
Run output will be captured here: C:/Users/Shlab29/Desktop/dcl_reset/dcl_final_project/snake_game/snake_game.runs/impl_1/runme.log
set_property PROBES.FILE {} [get_hw_devices xc7a35t_0]
set_property FULL_PROBES.FILE {} [get_hw_devices xc7a35t_0]
set_property PROGRAM.FILE {C:/Users/Shlab29/Desktop/dcl_reset/dcl_final_project/snake_game/snake_game.runs/impl_1/snake_game.bit} [get_hw_devices xc7a35t_0]
program_hw_devices [get_hw_devices xc7a35t_0]
INFO: [Labtools 27-3164] End of startup status: HIGH
refresh_hw_device [lindex [get_hw_devices xc7a35t_0] 0]
INFO: [Labtools 27-1434] Device xc7a35t (JTAG device index = 0) is programmed with a design that has no supported debug core(s) in it.
reset_run synth_1
launch_runs impl_1 -to_step write_bitstream -jobs 6
WARNING: [Project 1-478] Design 'synth_1' is stale and will not be used when launching 'impl_1'
[Mon Jan 11 04:16:32 2021] Launched synth_1...
Run output will be captured here: C:/Users/Shlab29/Desktop/dcl_reset/dcl_final_project/snake_game/snake_game.runs/synth_1/runme.log
[Mon Jan 11 04:16:33 2021] Launched impl_1...
Run output will be captured here: C:/Users/Shlab29/Desktop/dcl_reset/dcl_final_project/snake_game/snake_game.runs/impl_1/runme.log
set_property PROBES.FILE {} [get_hw_devices xc7a35t_0]
set_property FULL_PROBES.FILE {} [get_hw_devices xc7a35t_0]
set_property PROGRAM.FILE {C:/Users/Shlab29/Desktop/dcl_reset/dcl_final_project/snake_game/snake_game.runs/impl_1/snake_game.bit} [get_hw_devices xc7a35t_0]
program_hw_devices [get_hw_devices xc7a35t_0]
INFO: [Labtools 27-3164] End of startup status: HIGH
refresh_hw_device [lindex [get_hw_devices xc7a35t_0] 0]
INFO: [Labtools 27-1434] Device xc7a35t (JTAG device index = 0) is programmed with a design that has no supported debug core(s) in it.
update_compile_order -fileset sources_1
reset_run synth_1
launch_runs impl_1 -to_step write_bitstream -jobs 6
WARNING: [Project 1-478] Design 'synth_1' is stale and will not be used when launching 'impl_1'
[Mon Jan 11 04:39:44 2021] Launched synth_1...
Run output will be captured here: C:/Users/Shlab29/Desktop/dcl_reset/dcl_final_project/snake_game/snake_game.runs/synth_1/runme.log
[Mon Jan 11 04:39:44 2021] Launched impl_1...
Run output will be captured here: C:/Users/Shlab29/Desktop/dcl_reset/dcl_final_project/snake_game/snake_game.runs/impl_1/runme.log
reset_run synth_1
launch_runs impl_1 -to_step write_bitstream -jobs 6
WARNING: [Project 1-478] Design 'synth_1' is stale and will not be used when launching 'impl_1'
[Mon Jan 11 04:40:54 2021] Launched synth_1...
Run output will be captured here: C:/Users/Shlab29/Desktop/dcl_reset/dcl_final_project/snake_game/snake_game.runs/synth_1/runme.log
[Mon Jan 11 04:40:54 2021] Launched impl_1...
Run output will be captured here: C:/Users/Shlab29/Desktop/dcl_reset/dcl_final_project/snake_game/snake_game.runs/impl_1/runme.log
reset_run synth_1
launch_runs impl_1 -to_step write_bitstream -jobs 6
WARNING: [Project 1-478] Design 'synth_1' is stale and will not be used when launching 'impl_1'
[Mon Jan 11 04:44:36 2021] Launched synth_1...
Run output will be captured here: C:/Users/Shlab29/Desktop/dcl_reset/dcl_final_project/snake_game/snake_game.runs/synth_1/runme.log
[Mon Jan 11 04:44:36 2021] Launched impl_1...
Run output will be captured here: C:/Users/Shlab29/Desktop/dcl_reset/dcl_final_project/snake_game/snake_game.runs/impl_1/runme.log
set_property PROBES.FILE {} [get_hw_devices xc7a35t_0]
set_property FULL_PROBES.FILE {} [get_hw_devices xc7a35t_0]
set_property PROGRAM.FILE {C:/Users/Shlab29/Desktop/dcl_reset/dcl_final_project/snake_game/snake_game.runs/impl_1/snake_game.bit} [get_hw_devices xc7a35t_0]
program_hw_devices [get_hw_devices xc7a35t_0]
INFO: [Labtools 27-3164] End of startup status: HIGH
refresh_hw_device [lindex [get_hw_devices xc7a35t_0] 0]
INFO: [Labtools 27-1434] Device xc7a35t (JTAG device index = 0) is programmed with a design that has no supported debug core(s) in it.
reset_run synth_1
launch_runs impl_1 -to_step write_bitstream -jobs 6
WARNING: [Project 1-478] Design 'synth_1' is stale and will not be used when launching 'impl_1'
[Mon Jan 11 05:10:36 2021] Launched synth_1...
Run output will be captured here: C:/Users/Shlab29/Desktop/dcl_reset/dcl_final_project/snake_game/snake_game.runs/synth_1/runme.log
[Mon Jan 11 05:10:36 2021] Launched impl_1...
Run output will be captured here: C:/Users/Shlab29/Desktop/dcl_reset/dcl_final_project/snake_game/snake_game.runs/impl_1/runme.log
reset_run synth_1
launch_runs impl_1 -to_step write_bitstream -jobs 6
WARNING: [Project 1-478] Design 'synth_1' is stale and will not be used when launching 'impl_1'
[Mon Jan 11 05:14:36 2021] Launched synth_1...
Run output will be captured here: C:/Users/Shlab29/Desktop/dcl_reset/dcl_final_project/snake_game/snake_game.runs/synth_1/runme.log
[Mon Jan 11 05:14:36 2021] Launched impl_1...
Run output will be captured here: C:/Users/Shlab29/Desktop/dcl_reset/dcl_final_project/snake_game/snake_game.runs/impl_1/runme.log
set_property PROBES.FILE {} [get_hw_devices xc7a35t_0]
set_property FULL_PROBES.FILE {} [get_hw_devices xc7a35t_0]
set_property PROGRAM.FILE {C:/Users/Shlab29/Desktop/dcl_reset/dcl_final_project/snake_game/snake_game.runs/impl_1/snake_game.bit} [get_hw_devices xc7a35t_0]
program_hw_devices [get_hw_devices xc7a35t_0]
INFO: [Labtools 27-3164] End of startup status: HIGH
refresh_hw_device [lindex [get_hw_devices xc7a35t_0] 0]
INFO: [Labtools 27-1434] Device xc7a35t (JTAG device index = 0) is programmed with a design that has no supported debug core(s) in it.
reset_run synth_1
launch_runs impl_1 -to_step write_bitstream -jobs 6
WARNING: [Project 1-478] Design 'synth_1' is stale and will not be used when launching 'impl_1'
[Mon Jan 11 05:47:53 2021] Launched synth_1...
Run output will be captured here: C:/Users/Shlab29/Desktop/dcl_reset/dcl_final_project/snake_game/snake_game.runs/synth_1/runme.log
[Mon Jan 11 05:47:53 2021] Launched impl_1...
Run output will be captured here: C:/Users/Shlab29/Desktop/dcl_reset/dcl_final_project/snake_game/snake_game.runs/impl_1/runme.log
refresh_design
Netlist sorting complete. Time (s): cpu = 00:00:00 ; elapsed = 00:00:00.044 . Memory (MB): peak = 3277.945 ; gain = 0.000
INFO: [Netlist 29-17] Analyzing 491 Unisim elements for replacement
INFO: [Netlist 29-28] Unisim Transformation completed in 0 CPU seconds
WARNING: [Netlist 29-101] Netlist 'snake_game' is not ideal for floorplanning, since the cellview 'logic' contains a large number of primitives.  Please consider enabling hierarchy in synthesis if you want to do floorplanning.
INFO: [Project 1-479] Netlist was created with Vivado 2020.1
INFO: [Project 1-570] Preparing netlist for logic optimization
Parsing XDC File [C:/Users/Shlab29/Desktop/dcl_reset/dcl_final_project/snake_game/snake_game.srcs/constrs_1/new/snake_game.xdc]
Finished Parsing XDC File [C:/Users/Shlab29/Desktop/dcl_reset/dcl_final_project/snake_game/snake_game.srcs/constrs_1/new/snake_game.xdc]
INFO: [Opt 31-138] Pushed 0 inverter(s) to 0 load pin(s).
set_property PROBES.FILE {} [get_hw_devices xc7a35t_0]
set_property FULL_PROBES.FILE {} [get_hw_devices xc7a35t_0]
set_property PROGRAM.FILE {C:/Users/Shlab29/Desktop/dcl_reset/dcl_final_project/snake_game/snake_game.runs/impl_1/snake_game.bit} [get_hw_devices xc7a35t_0]
program_hw_devices [get_hw_devices xc7a35t_0]
INFO: [Labtools 27-3164] End of startup status: HIGH
refresh_hw_device [lindex [get_hw_devices xc7a35t_0] 0]
INFO: [Labtools 27-1434] Device xc7a35t (JTAG device index = 0) is programmed with a design that has no supported debug core(s) in it.
reset_run synth_1
launch_runs impl_1 -to_step write_bitstream -jobs 6
WARNING: [Project 1-478] Design 'synth_1' is stale and will not be used when launching 'impl_1'
[Mon Jan 11 06:21:08 2021] Launched synth_1...
Run output will be captured here: C:/Users/Shlab29/Desktop/dcl_reset/dcl_final_project/snake_game/snake_game.runs/synth_1/runme.log
[Mon Jan 11 06:21:08 2021] Launched impl_1...
Run output will be captured here: C:/Users/Shlab29/Desktop/dcl_reset/dcl_final_project/snake_game/snake_game.runs/impl_1/runme.log
ERROR: [Labtoolstcl 44-513] HW Target shutdown. Closing target: localhost:3121/xilinx_tcf/Digilent/210319A43754A
INFO: [Labtoolstcl 44-466] Opening hw_target localhost:3121/xilinx_tcf/Digilent/210319A43754A
INFO: [Labtools 27-1434] Device xc7a35t (JTAG device index = 0) is programmed with a design that has no supported debug core(s) in it.
WARNING: [Labtoolstcl 44-129] No matching hw_ila_data was found.
reset_run synth_1
launch_runs impl_1 -to_step write_bitstream -jobs 6
WARNING: [Project 1-478] Design 'synth_1' is stale and will not be used when launching 'impl_1'
[Mon Jan 11 10:36:16 2021] Launched synth_1...
Run output will be captured here: C:/Users/Shlab29/Desktop/dcl_reset/dcl_final_project/snake_game/snake_game.runs/synth_1/runme.log
[Mon Jan 11 10:36:16 2021] Launched impl_1...
Run output will be captured here: C:/Users/Shlab29/Desktop/dcl_reset/dcl_final_project/snake_game/snake_game.runs/impl_1/runme.log
set_property PROBES.FILE {} [get_hw_devices xc7a35t_0]
set_property FULL_PROBES.FILE {} [get_hw_devices xc7a35t_0]
set_property PROGRAM.FILE {C:/Users/Shlab29/Desktop/dcl_reset/dcl_final_project/snake_game/snake_game.runs/impl_1/snake_game.bit} [get_hw_devices xc7a35t_0]
program_hw_devices [get_hw_devices xc7a35t_0]
INFO: [Labtools 27-3164] End of startup status: HIGH
refresh_hw_device [lindex [get_hw_devices xc7a35t_0] 0]
INFO: [Labtools 27-1434] Device xc7a35t (JTAG device index = 0) is programmed with a design that has no supported debug core(s) in it.
reset_run synth_1
launch_runs impl_1 -to_step write_bitstream -jobs 6
WARNING: [Project 1-478] Design 'synth_1' is stale and will not be used when launching 'impl_1'
[Mon Jan 11 11:04:44 2021] Launched synth_1...
Run output will be captured here: C:/Users/Shlab29/Desktop/dcl_reset/dcl_final_project/snake_game/snake_game.runs/synth_1/runme.log
[Mon Jan 11 11:04:44 2021] Launched impl_1...
Run output will be captured here: C:/Users/Shlab29/Desktop/dcl_reset/dcl_final_project/snake_game/snake_game.runs/impl_1/runme.log
set_property PROBES.FILE {} [get_hw_devices xc7a35t_0]
set_property FULL_PROBES.FILE {} [get_hw_devices xc7a35t_0]
set_property PROGRAM.FILE {C:/Users/Shlab29/Desktop/dcl_reset/dcl_final_project/snake_game/snake_game.runs/impl_1/snake_game.bit} [get_hw_devices xc7a35t_0]
program_hw_devices [get_hw_devices xc7a35t_0]
INFO: [Labtools 27-3164] End of startup status: HIGH
refresh_hw_device [lindex [get_hw_devices xc7a35t_0] 0]
INFO: [Labtools 27-1434] Device xc7a35t (JTAG device index = 0) is programmed with a design that has no supported debug core(s) in it.
reset_run synth_1
launch_runs impl_1 -to_step write_bitstream -jobs 6
WARNING: [Project 1-478] Design 'synth_1' is stale and will not be used when launching 'impl_1'
[Mon Jan 11 11:29:57 2021] Launched synth_1...
Run output will be captured here: C:/Users/Shlab29/Desktop/dcl_reset/dcl_final_project/snake_game/snake_game.runs/synth_1/runme.log
[Mon Jan 11 11:29:57 2021] Launched impl_1...
Run output will be captured here: C:/Users/Shlab29/Desktop/dcl_reset/dcl_final_project/snake_game/snake_game.runs/impl_1/runme.log
set_property PROBES.FILE {} [get_hw_devices xc7a35t_0]
set_property FULL_PROBES.FILE {} [get_hw_devices xc7a35t_0]
set_property PROGRAM.FILE {C:/Users/Shlab29/Desktop/dcl_reset/dcl_final_project/snake_game/snake_game.runs/impl_1/snake_game.bit} [get_hw_devices xc7a35t_0]
program_hw_devices [get_hw_devices xc7a35t_0]
INFO: [Labtools 27-3164] End of startup status: HIGH
refresh_hw_device [lindex [get_hw_devices xc7a35t_0] 0]
INFO: [Labtools 27-1434] Device xc7a35t (JTAG device index = 0) is programmed with a design that has no supported debug core(s) in it.
reset_run synth_1
launch_runs impl_1 -to_step write_bitstream -jobs 6
WARNING: [Project 1-478] Design 'synth_1' is stale and will not be used when launching 'impl_1'
[Mon Jan 11 11:57:41 2021] Launched synth_1...
Run output will be captured here: C:/Users/Shlab29/Desktop/dcl_reset/dcl_final_project/snake_game/snake_game.runs/synth_1/runme.log
[Mon Jan 11 11:57:41 2021] Launched impl_1...
Run output will be captured here: C:/Users/Shlab29/Desktop/dcl_reset/dcl_final_project/snake_game/snake_game.runs/impl_1/runme.log
set_property PROBES.FILE {} [get_hw_devices xc7a35t_0]
set_property FULL_PROBES.FILE {} [get_hw_devices xc7a35t_0]
set_property PROGRAM.FILE {C:/Users/Shlab29/Desktop/dcl_reset/dcl_final_project/snake_game/snake_game.runs/impl_1/snake_game.bit} [get_hw_devices xc7a35t_0]
program_hw_devices [get_hw_devices xc7a35t_0]
INFO: [Labtools 27-3164] End of startup status: HIGH
refresh_hw_device [lindex [get_hw_devices xc7a35t_0] 0]
INFO: [Labtools 27-1434] Device xc7a35t (JTAG device index = 0) is programmed with a design that has no supported debug core(s) in it.
reset_run synth_1
launch_runs impl_1 -to_step write_bitstream -jobs 6
WARNING: [Project 1-478] Design 'synth_1' is stale and will not be used when launching 'impl_1'
[Mon Jan 11 12:20:25 2021] Launched synth_1...
Run output will be captured here: C:/Users/Shlab29/Desktop/dcl_reset/dcl_final_project/snake_game/snake_game.runs/synth_1/runme.log
[Mon Jan 11 12:20:25 2021] Launched impl_1...
Run output will be captured here: C:/Users/Shlab29/Desktop/dcl_reset/dcl_final_project/snake_game/snake_game.runs/impl_1/runme.log
set_property PROBES.FILE {} [get_hw_devices xc7a35t_0]
set_property FULL_PROBES.FILE {} [get_hw_devices xc7a35t_0]
set_property PROGRAM.FILE {C:/Users/Shlab29/Desktop/dcl_reset/dcl_final_project/snake_game/snake_game.runs/impl_1/snake_game.bit} [get_hw_devices xc7a35t_0]
program_hw_devices [get_hw_devices xc7a35t_0]
INFO: [Labtools 27-3164] End of startup status: HIGH
refresh_hw_device [lindex [get_hw_devices xc7a35t_0] 0]
INFO: [Labtools 27-1434] Device xc7a35t (JTAG device index = 0) is programmed with a design that has no supported debug core(s) in it.
reset_run synth_1
launch_runs impl_1 -to_step write_bitstream -jobs 6
WARNING: [Project 1-478] Design 'synth_1' is stale and will not be used when launching 'impl_1'
[Mon Jan 11 12:43:55 2021] Launched synth_1...
Run output will be captured here: C:/Users/Shlab29/Desktop/dcl_reset/dcl_final_project/snake_game/snake_game.runs/synth_1/runme.log
[Mon Jan 11 12:43:55 2021] Launched impl_1...
Run output will be captured here: C:/Users/Shlab29/Desktop/dcl_reset/dcl_final_project/snake_game/snake_game.runs/impl_1/runme.log
set_property PROBES.FILE {} [get_hw_devices xc7a35t_0]
set_property FULL_PROBES.FILE {} [get_hw_devices xc7a35t_0]
set_property PROGRAM.FILE {C:/Users/Shlab29/Desktop/dcl_reset/dcl_final_project/snake_game/snake_game.runs/impl_1/snake_game.bit} [get_hw_devices xc7a35t_0]
program_hw_devices [get_hw_devices xc7a35t_0]
INFO: [Labtools 27-3164] End of startup status: HIGH
refresh_hw_device [lindex [get_hw_devices xc7a35t_0] 0]
INFO: [Labtools 27-1434] Device xc7a35t (JTAG device index = 0) is programmed with a design that has no supported debug core(s) in it.
set_property PROBES.FILE {} [get_hw_devices xc7a35t_0]
set_property FULL_PROBES.FILE {} [get_hw_devices xc7a35t_0]
set_property PROGRAM.FILE {C:/Users/Shlab29/Desktop/dcl_reset/dcl_final_project/snake_game/snake_game.runs/impl_1/snake_game.bit} [get_hw_devices xc7a35t_0]
program_hw_devices [get_hw_devices xc7a35t_0]
INFO: [Labtools 27-3164] End of startup status: HIGH
refresh_hw_device [lindex [get_hw_devices xc7a35t_0] 0]
INFO: [Labtools 27-1434] Device xc7a35t (JTAG device index = 0) is programmed with a design that has no supported debug core(s) in it.
reset_run synth_1
launch_runs impl_1 -to_step write_bitstream -jobs 6
WARNING: [Project 1-478] Design 'synth_1' is stale and will not be used when launching 'impl_1'
[Mon Jan 11 13:41:43 2021] Launched synth_1...
Run output will be captured here: C:/Users/Shlab29/Desktop/dcl_reset/dcl_final_project/snake_game/snake_game.runs/synth_1/runme.log
[Mon Jan 11 13:41:43 2021] Launched impl_1...
Run output will be captured here: C:/Users/Shlab29/Desktop/dcl_reset/dcl_final_project/snake_game/snake_game.runs/impl_1/runme.log
set_property PROBES.FILE {} [get_hw_devices xc7a35t_0]
set_property FULL_PROBES.FILE {} [get_hw_devices xc7a35t_0]
set_property PROGRAM.FILE {C:/Users/Shlab29/Desktop/dcl_reset/dcl_final_project/snake_game/snake_game.runs/impl_1/snake_game.bit} [get_hw_devices xc7a35t_0]
program_hw_devices [get_hw_devices xc7a35t_0]
INFO: [Labtools 27-3164] End of startup status: HIGH
refresh_hw_device [lindex [get_hw_devices xc7a35t_0] 0]
INFO: [Labtools 27-1434] Device xc7a35t (JTAG device index = 0) is programmed with a design that has no supported debug core(s) in it.
reset_run synth_1
launch_runs impl_1 -to_step write_bitstream -jobs 6
WARNING: [Project 1-478] Design 'synth_1' is stale and will not be used when launching 'impl_1'
[Mon Jan 11 14:17:48 2021] Launched synth_1...
Run output will be captured here: C:/Users/Shlab29/Desktop/dcl_reset/dcl_final_project/snake_game/snake_game.runs/synth_1/runme.log
[Mon Jan 11 14:17:49 2021] Launched impl_1...
Run output will be captured here: C:/Users/Shlab29/Desktop/dcl_reset/dcl_final_project/snake_game/snake_game.runs/impl_1/runme.log
set_property PROBES.FILE {} [get_hw_devices xc7a35t_0]
set_property FULL_PROBES.FILE {} [get_hw_devices xc7a35t_0]
set_property PROGRAM.FILE {C:/Users/Shlab29/Desktop/dcl_reset/dcl_final_project/snake_game/snake_game.runs/impl_1/snake_game.bit} [get_hw_devices xc7a35t_0]
program_hw_devices [get_hw_devices xc7a35t_0]
INFO: [Labtools 27-3164] End of startup status: HIGH
refresh_hw_device [lindex [get_hw_devices xc7a35t_0] 0]
INFO: [Labtools 27-1434] Device xc7a35t (JTAG device index = 0) is programmed with a design that has no supported debug core(s) in it.
reset_run synth_1
launch_runs impl_1 -to_step write_bitstream -jobs 6
WARNING: [Project 1-478] Design 'synth_1' is stale and will not be used when launching 'impl_1'
[Mon Jan 11 14:44:36 2021] Launched synth_1...
Run output will be captured here: C:/Users/Shlab29/Desktop/dcl_reset/dcl_final_project/snake_game/snake_game.runs/synth_1/runme.log
[Mon Jan 11 14:44:36 2021] Launched impl_1...
Run output will be captured here: C:/Users/Shlab29/Desktop/dcl_reset/dcl_final_project/snake_game/snake_game.runs/impl_1/runme.log
refresh_design
Netlist sorting complete. Time (s): cpu = 00:00:01 ; elapsed = 00:00:00.726 . Memory (MB): peak = 3434.016 ; gain = 0.000
INFO: [Netlist 29-17] Analyzing 1122 Unisim elements for replacement
INFO: [Netlist 29-28] Unisim Transformation completed in 0 CPU seconds
WARNING: [Netlist 29-101] Netlist 'snake_game' is not ideal for floorplanning, since the cellview 'logic' contains a large number of primitives.  Please consider enabling hierarchy in synthesis if you want to do floorplanning.
INFO: [Project 1-479] Netlist was created with Vivado 2020.1
INFO: [Project 1-570] Preparing netlist for logic optimization
Parsing XDC File [C:/Users/Shlab29/Desktop/dcl_reset/dcl_final_project/snake_game/snake_game.srcs/constrs_1/new/snake_game.xdc]
Finished Parsing XDC File [C:/Users/Shlab29/Desktop/dcl_reset/dcl_final_project/snake_game/snake_game.srcs/constrs_1/new/snake_game.xdc]
INFO: [Opt 31-138] Pushed 0 inverter(s) to 0 load pin(s).
refresh_design: Time (s): cpu = 00:00:18 ; elapsed = 00:00:15 . Memory (MB): peak = 3434.016 ; gain = 0.000
reset_run synth_1
launch_runs impl_1 -to_step write_bitstream -jobs 6
WARNING: [Project 1-478] Design 'synth_1' is stale and will not be used when launching 'impl_1'
[Mon Jan 11 15:08:01 2021] Launched synth_1...
Run output will be captured here: C:/Users/Shlab29/Desktop/dcl_reset/dcl_final_project/snake_game/snake_game.runs/synth_1/runme.log
[Mon Jan 11 15:08:01 2021] Launched impl_1...
Run output will be captured here: C:/Users/Shlab29/Desktop/dcl_reset/dcl_final_project/snake_game/snake_game.runs/impl_1/runme.log
refresh_design
Netlist sorting complete. Time (s): cpu = 00:00:00 ; elapsed = 00:00:00.089 . Memory (MB): peak = 3434.016 ; gain = 0.000
INFO: [Netlist 29-17] Analyzing 1355 Unisim elements for replacement
INFO: [Netlist 29-28] Unisim Transformation completed in 0 CPU seconds
WARNING: [Netlist 29-101] Netlist 'snake_game' is not ideal for floorplanning, since the cellview 'logic' contains a large number of primitives.  Please consider enabling hierarchy in synthesis if you want to do floorplanning.
INFO: [Project 1-479] Netlist was created with Vivado 2020.1
INFO: [Project 1-570] Preparing netlist for logic optimization
Parsing XDC File [C:/Users/Shlab29/Desktop/dcl_reset/dcl_final_project/snake_game/snake_game.srcs/constrs_1/new/snake_game.xdc]
Finished Parsing XDC File [C:/Users/Shlab29/Desktop/dcl_reset/dcl_final_project/snake_game/snake_game.srcs/constrs_1/new/snake_game.xdc]
INFO: [Opt 31-138] Pushed 0 inverter(s) to 0 load pin(s).
refresh_design: Time (s): cpu = 00:00:08 ; elapsed = 00:00:06 . Memory (MB): peak = 3434.016 ; gain = 0.000
set_property PROBES.FILE {} [get_hw_devices xc7a35t_0]
set_property FULL_PROBES.FILE {} [get_hw_devices xc7a35t_0]
set_property PROGRAM.FILE {C:/Users/Shlab29/Desktop/dcl_reset/dcl_final_project/snake_game/snake_game.runs/impl_1/snake_game.bit} [get_hw_devices xc7a35t_0]
program_hw_devices [get_hw_devices xc7a35t_0]
INFO: [Labtools 27-3164] End of startup status: HIGH
refresh_hw_device [lindex [get_hw_devices xc7a35t_0] 0]
INFO: [Labtools 27-1434] Device xc7a35t (JTAG device index = 0) is programmed with a design that has no supported debug core(s) in it.
reset_run synth_1
launch_runs impl_1 -to_step write_bitstream -jobs 6
WARNING: [Project 1-478] Design 'synth_1' is stale and will not be used when launching 'impl_1'
[Mon Jan 11 15:38:18 2021] Launched synth_1...
Run output will be captured here: C:/Users/Shlab29/Desktop/dcl_reset/dcl_final_project/snake_game/snake_game.runs/synth_1/runme.log
[Mon Jan 11 15:38:18 2021] Launched impl_1...
Run output will be captured here: C:/Users/Shlab29/Desktop/dcl_reset/dcl_final_project/snake_game/snake_game.runs/impl_1/runme.log
refresh_design
Netlist sorting complete. Time (s): cpu = 00:00:00 ; elapsed = 00:00:00.720 . Memory (MB): peak = 3434.016 ; gain = 0.000
INFO: [Netlist 29-17] Analyzing 1511 Unisim elements for replacement
INFO: [Netlist 29-28] Unisim Transformation completed in 0 CPU seconds
WARNING: [Netlist 29-101] Netlist 'snake_game' is not ideal for floorplanning, since the cellview 'logic' contains a large number of primitives.  Please consider enabling hierarchy in synthesis if you want to do floorplanning.
INFO: [Project 1-479] Netlist was created with Vivado 2020.1
INFO: [Project 1-570] Preparing netlist for logic optimization
Parsing XDC File [C:/Users/Shlab29/Desktop/dcl_reset/dcl_final_project/snake_game/snake_game.srcs/constrs_1/new/snake_game.xdc]
Finished Parsing XDC File [C:/Users/Shlab29/Desktop/dcl_reset/dcl_final_project/snake_game/snake_game.srcs/constrs_1/new/snake_game.xdc]
INFO: [Opt 31-138] Pushed 0 inverter(s) to 0 load pin(s).
refresh_design: Time (s): cpu = 00:00:19 ; elapsed = 00:00:14 . Memory (MB): peak = 3484.398 ; gain = 50.383
reset_run impl_1 -prev_step 
launch_runs impl_1 -to_step write_bitstream -jobs 6
[Mon Jan 11 16:09:49 2021] Launched impl_1...
Run output will be captured here: C:/Users/Shlab29/Desktop/dcl_reset/dcl_final_project/snake_game/snake_game.runs/impl_1/runme.log
report_utilization -name utilization_1
reset_run synth_1
launch_runs impl_1 -to_step write_bitstream -jobs 6
WARNING: [Project 1-478] Design 'synth_1' is stale and will not be used when launching 'impl_1'
[Mon Jan 11 16:28:50 2021] Launched synth_1...
Run output will be captured here: C:/Users/Shlab29/Desktop/dcl_reset/dcl_final_project/snake_game/snake_game.runs/synth_1/runme.log
[Mon Jan 11 16:28:50 2021] Launched impl_1...
Run output will be captured here: C:/Users/Shlab29/Desktop/dcl_reset/dcl_final_project/snake_game/snake_game.runs/impl_1/runme.log
refresh_design
Netlist sorting complete. Time (s): cpu = 00:00:01 ; elapsed = 00:00:00.755 . Memory (MB): peak = 3605.539 ; gain = 0.000
INFO: [Netlist 29-17] Analyzing 1616 Unisim elements for replacement
INFO: [Netlist 29-28] Unisim Transformation completed in 0 CPU seconds
WARNING: [Netlist 29-101] Netlist 'snake_game' is not ideal for floorplanning, since the cellview 'logic' contains a large number of primitives.  Please consider enabling hierarchy in synthesis if you want to do floorplanning.
INFO: [Project 1-479] Netlist was created with Vivado 2020.1
INFO: [Project 1-570] Preparing netlist for logic optimization
Parsing XDC File [C:/Users/Shlab29/Desktop/dcl_reset/dcl_final_project/snake_game/snake_game.srcs/constrs_1/new/snake_game.xdc]
Finished Parsing XDC File [C:/Users/Shlab29/Desktop/dcl_reset/dcl_final_project/snake_game/snake_game.srcs/constrs_1/new/snake_game.xdc]
INFO: [Opt 31-138] Pushed 0 inverter(s) to 0 load pin(s).
refresh_design: Time (s): cpu = 00:00:21 ; elapsed = 00:00:16 . Memory (MB): peak = 3605.539 ; gain = 111.355
reset_run synth_1
launch_runs impl_1 -to_step write_bitstream -jobs 6
WARNING: [Project 1-478] Design 'synth_1' is stale and will not be used when launching 'impl_1'
[Mon Jan 11 17:04:25 2021] Launched synth_1...
Run output will be captured here: C:/Users/Shlab29/Desktop/dcl_reset/dcl_final_project/snake_game/snake_game.runs/synth_1/runme.log
[Mon Jan 11 17:04:25 2021] Launched impl_1...
Run output will be captured here: C:/Users/Shlab29/Desktop/dcl_reset/dcl_final_project/snake_game/snake_game.runs/impl_1/runme.log
refresh_design
Netlist sorting complete. Time (s): cpu = 00:00:01 ; elapsed = 00:00:00.763 . Memory (MB): peak = 3605.539 ; gain = 0.000
INFO: [Netlist 29-17] Analyzing 1481 Unisim elements for replacement
INFO: [Netlist 29-28] Unisim Transformation completed in 0 CPU seconds
WARNING: [Netlist 29-101] Netlist 'snake_game' is not ideal for floorplanning, since the cellview 'logic' contains a large number of primitives.  Please consider enabling hierarchy in synthesis if you want to do floorplanning.
INFO: [Project 1-479] Netlist was created with Vivado 2020.1
INFO: [Project 1-570] Preparing netlist for logic optimization
Parsing XDC File [C:/Users/Shlab29/Desktop/dcl_reset/dcl_final_project/snake_game/snake_game.srcs/constrs_1/new/snake_game.xdc]
Finished Parsing XDC File [C:/Users/Shlab29/Desktop/dcl_reset/dcl_final_project/snake_game/snake_game.srcs/constrs_1/new/snake_game.xdc]
INFO: [Opt 31-138] Pushed 0 inverter(s) to 0 load pin(s).
refresh_design: Time (s): cpu = 00:00:20 ; elapsed = 00:00:16 . Memory (MB): peak = 3605.539 ; gain = 0.000
reset_run synth_1
launch_runs impl_1 -to_step write_bitstream -jobs 6
WARNING: [Project 1-478] Design 'synth_1' is stale and will not be used when launching 'impl_1'
[Mon Jan 11 17:33:59 2021] Launched synth_1...
Run output will be captured here: C:/Users/Shlab29/Desktop/dcl_reset/dcl_final_project/snake_game/snake_game.runs/synth_1/runme.log
[Mon Jan 11 17:33:59 2021] Launched impl_1...
Run output will be captured here: C:/Users/Shlab29/Desktop/dcl_reset/dcl_final_project/snake_game/snake_game.runs/impl_1/runme.log
refresh_design
Netlist sorting complete. Time (s): cpu = 00:00:01 ; elapsed = 00:00:00.653 . Memory (MB): peak = 3605.539 ; gain = 0.000
INFO: [Netlist 29-17] Analyzing 1776 Unisim elements for replacement
INFO: [Netlist 29-28] Unisim Transformation completed in 0 CPU seconds
WARNING: [Netlist 29-101] Netlist 'snake_game' is not ideal for floorplanning, since the cellview 'logic' contains a large number of primitives.  Please consider enabling hierarchy in synthesis if you want to do floorplanning.
INFO: [Project 1-479] Netlist was created with Vivado 2020.1
INFO: [Project 1-570] Preparing netlist for logic optimization
Parsing XDC File [C:/Users/Shlab29/Desktop/dcl_reset/dcl_final_project/snake_game/snake_game.srcs/constrs_1/new/snake_game.xdc]
Finished Parsing XDC File [C:/Users/Shlab29/Desktop/dcl_reset/dcl_final_project/snake_game/snake_game.srcs/constrs_1/new/snake_game.xdc]
INFO: [Opt 31-138] Pushed 0 inverter(s) to 0 load pin(s).
refresh_design: Time (s): cpu = 00:00:19 ; elapsed = 00:00:15 . Memory (MB): peak = 3605.539 ; gain = 0.000
reset_run impl_1 -prev_step 
launch_runs impl_1 -to_step write_bitstream -jobs 6
[Mon Jan 11 18:03:07 2021] Launched impl_1...
Run output will be captured here: C:/Users/Shlab29/Desktop/dcl_reset/dcl_final_project/snake_game/snake_game.runs/impl_1/runme.log
reset_run synth_1
launch_runs impl_1 -to_step write_bitstream -jobs 6
WARNING: [Project 1-478] Design 'synth_1' is stale and will not be used when launching 'impl_1'
[Mon Jan 11 18:04:19 2021] Launched synth_1...
Run output will be captured here: C:/Users/Shlab29/Desktop/dcl_reset/dcl_final_project/snake_game/snake_game.runs/synth_1/runme.log
[Mon Jan 11 18:04:19 2021] Launched impl_1...
Run output will be captured here: C:/Users/Shlab29/Desktop/dcl_reset/dcl_final_project/snake_game/snake_game.runs/impl_1/runme.log
exit
INFO: [Common 17-206] Exiting Vivado at Mon Jan 11 18:27:03 2021...
