#-----------------------------------------------------------
# Vivado v2020.1 (64-bit)
# SW Build 2902540 on Wed May 27 19:54:49 MDT 2020
# IP Build 2902112 on Wed May 27 22:43:36 MDT 2020
# Start of session at: Sun Jan 10 17:30:31 2021
# Process ID: 4824
# Current directory: C:/Users/Shlab29/Desktop/dcl_reset/dcl_final_project/snake_game
# Command line: vivado.exe -gui_launcher_event rodinguilauncherevent5652 C:\Users\Shlab29\Desktop\dcl_reset\dcl_final_project\snake_game\snake_game.xpr
# Log file: C:/Users/Shlab29/Desktop/dcl_reset/dcl_final_project/snake_game/vivado.log
# Journal file: C:/Users/Shlab29/Desktop/dcl_reset/dcl_final_project/snake_game\vivado.jou
#-----------------------------------------------------------
start_gui
open_project C:/Users/Shlab29/Desktop/dcl_reset/dcl_final_project/snake_game/snake_game.xpr
INFO: [Project 1-313] Project file moved from 'C:/Users/Shlab_43/Desktop/dcl_final_project/snake_game' since last save.
Scanning sources...
Finished scanning sources
WARNING: [filemgmt 56-2] IPUserFilesDir: Could not find the directory 'C:/Users/Shlab29/Desktop/dcl_reset/dcl_final_project/snake_game/snake_game.ip_user_files', nor could it be found using path 'C:/Users/Shlab_43/Desktop/dcl_final_project/snake_game/snake_game.ip_user_files'.
INFO: [IP_Flow 19-234] Refreshing IP repositories
INFO: [IP_Flow 19-1704] No user IP repositories specified
INFO: [IP_Flow 19-2313] Loaded Vivado IP repository 'C:/Xilinx/Vivado/2020.1/data/ip'.
update_compile_order -fileset sources_1
open_hw_manager
connect_hw_server -allow_non_jtag
INFO: [Labtools 27-2285] Connecting to hw_server url TCP:localhost:3121
INFO: [Labtools 27-3415] Connecting to cs_server url TCP:localhost:3042
INFO: [Labtools 27-3414] Connected to existing cs_server.
open_hw_target
INFO: [Labtoolstcl 44-466] Opening hw_target localhost:3121/xilinx_tcf/Digilent/210319A43754A
set_property PROGRAM.FILE {C:/Users/Shlab29/Desktop/dcl_reset/dcl_final_project/snake_game/snake_game.runs/impl_1/snake_game.bit} [get_hw_devices xc7a35t_0]
current_hw_device [get_hw_devices xc7a35t_0]
refresh_hw_device -update_hw_probes false [lindex [get_hw_devices xc7a35t_0] 0]
INFO: [Labtools 27-1434] Device xc7a35t (JTAG device index = 0) is programmed with a design that has no supported debug core(s) in it.
open_run synth_1 -name synth_1
Design is defaulting to impl run constrset: constrs_1
Design is defaulting to synth run part: xc7a35ticsg324-1L
INFO: [Device 21-403] Loading part xc7a35ticsg324-1L
Netlist sorting complete. Time (s): cpu = 00:00:00 ; elapsed = 00:00:00.031 . Memory (MB): peak = 2401.719 ; gain = 0.000
INFO: [Netlist 29-17] Analyzing 274 Unisim elements for replacement
INFO: [Netlist 29-28] Unisim Transformation completed in 0 CPU seconds
WARNING: [Netlist 29-101] Netlist 'snake_game' is not ideal for floorplanning, since the cellview 'logic' contains a large number of primitives.  Please consider enabling hierarchy in synthesis if you want to do floorplanning.
INFO: [Project 1-479] Netlist was created with Vivado 2020.1
INFO: [Project 1-570] Preparing netlist for logic optimization
Parsing XDC File [C:/Users/Shlab29/Desktop/dcl_reset/dcl_final_project/snake_game/snake_game.srcs/constrs_1/new/snake_game.xdc]
Finished Parsing XDC File [C:/Users/Shlab29/Desktop/dcl_reset/dcl_final_project/snake_game/snake_game.srcs/constrs_1/new/snake_game.xdc]
INFO: [Opt 31-138] Pushed 0 inverter(s) to 0 load pin(s).
Netlist sorting complete. Time (s): cpu = 00:00:00 ; elapsed = 00:00:00.001 . Memory (MB): peak = 2520.254 ; gain = 0.000
INFO: [Project 1-111] Unisim Transformation Summary:
  A total of 24 instances were transformed.
  RAM64M => RAM64M (RAMD64E(x4)): 12 instances
  RAM64X1D => RAM64X1D (RAMD64E(x2)): 12 instances

open_run: Time (s): cpu = 00:00:16 ; elapsed = 00:00:13 . Memory (MB): peak = 2635.551 ; gain = 505.082
set_property PROBES.FILE {} [get_hw_devices xc7a35t_0]
set_property FULL_PROBES.FILE {} [get_hw_devices xc7a35t_0]
set_property PROGRAM.FILE {C:/Users/Shlab29/Desktop/dcl_reset/dcl_final_project/snake_game/snake_game.runs/impl_1/snake_game.bit} [get_hw_devices xc7a35t_0]
program_hw_devices [get_hw_devices xc7a35t_0]
INFO: [Labtools 27-3164] End of startup status: HIGH
refresh_hw_device [lindex [get_hw_devices xc7a35t_0] 0]
INFO: [Labtools 27-1434] Device xc7a35t (JTAG device index = 0) is programmed with a design that has no supported debug core(s) in it.
reset_run synth_1
launch_runs impl_1 -to_step write_bitstream -jobs 6
WARNING: [Project 1-478] Design 'synth_1' is stale and will not be used when launching 'impl_1'
[Sun Jan 10 17:47:57 2021] Launched synth_1...
Run output will be captured here: C:/Users/Shlab29/Desktop/dcl_reset/dcl_final_project/snake_game/snake_game.runs/synth_1/runme.log
[Sun Jan 10 17:47:58 2021] Launched impl_1...
Run output will be captured here: C:/Users/Shlab29/Desktop/dcl_reset/dcl_final_project/snake_game/snake_game.runs/impl_1/runme.log
reset_run synth_1
launch_runs impl_1 -to_step write_bitstream -jobs 6
WARNING: [Project 1-478] Design 'synth_1' is stale and will not be used when launching 'impl_1'
[Sun Jan 10 17:48:41 2021] Launched synth_1...
Run output will be captured here: C:/Users/Shlab29/Desktop/dcl_reset/dcl_final_project/snake_game/snake_game.runs/synth_1/runme.log
[Sun Jan 10 17:48:41 2021] Launched impl_1...
Run output will be captured here: C:/Users/Shlab29/Desktop/dcl_reset/dcl_final_project/snake_game/snake_game.runs/impl_1/runme.log
add_files -norecurse C:/Users/Shlab29/Desktop/dcl_final_project/snake_game/snake_game.srcs/sources_1/new/random.v
update_compile_order -fileset sources_1
reset_run synth_1
launch_runs impl_1 -to_step write_bitstream -jobs 6
WARNING: [Project 1-478] Design 'synth_1' is stale and will not be used when launching 'impl_1'
[Sun Jan 10 17:52:14 2021] Launched synth_1...
Run output will be captured here: C:/Users/Shlab29/Desktop/dcl_reset/dcl_final_project/snake_game/snake_game.runs/synth_1/runme.log
[Sun Jan 10 17:52:14 2021] Launched impl_1...
Run output will be captured here: C:/Users/Shlab29/Desktop/dcl_reset/dcl_final_project/snake_game/snake_game.runs/impl_1/runme.log
reset_run synth_1
launch_runs impl_1 -to_step write_bitstream -jobs 6
WARNING: [Project 1-478] Design 'synth_1' is stale and will not be used when launching 'impl_1'
[Sun Jan 10 18:48:38 2021] Launched synth_1...
Run output will be captured here: C:/Users/Shlab29/Desktop/dcl_reset/dcl_final_project/snake_game/snake_game.runs/synth_1/runme.log
[Sun Jan 10 18:48:38 2021] Launched impl_1...
Run output will be captured here: C:/Users/Shlab29/Desktop/dcl_reset/dcl_final_project/snake_game/snake_game.runs/impl_1/runme.log
refresh_design
Netlist sorting complete. Time (s): cpu = 00:00:00 ; elapsed = 00:00:00.011 . Memory (MB): peak = 3175.305 ; gain = 0.000
INFO: [Netlist 29-17] Analyzing 118 Unisim elements for replacement
INFO: [Netlist 29-28] Unisim Transformation completed in 0 CPU seconds
INFO: [Project 1-479] Netlist was created with Vivado 2020.1
INFO: [Project 1-570] Preparing netlist for logic optimization
Parsing XDC File [C:/Users/Shlab29/Desktop/dcl_reset/dcl_final_project/snake_game/snake_game.srcs/constrs_1/new/snake_game.xdc]
Finished Parsing XDC File [C:/Users/Shlab29/Desktop/dcl_reset/dcl_final_project/snake_game/snake_game.srcs/constrs_1/new/snake_game.xdc]
INFO: [Opt 31-138] Pushed 0 inverter(s) to 0 load pin(s).
set_property PROBES.FILE {} [get_hw_devices xc7a35t_0]
set_property FULL_PROBES.FILE {} [get_hw_devices xc7a35t_0]
set_property PROGRAM.FILE {C:/Users/Shlab29/Desktop/dcl_reset/dcl_final_project/snake_game/snake_game.runs/impl_1/snake_game.bit} [get_hw_devices xc7a35t_0]
program_hw_devices [get_hw_devices xc7a35t_0]
INFO: [Labtools 27-3164] End of startup status: HIGH
refresh_hw_device [lindex [get_hw_devices xc7a35t_0] 0]
INFO: [Labtools 27-1434] Device xc7a35t (JTAG device index = 0) is programmed with a design that has no supported debug core(s) in it.
reset_run synth_1
launch_runs impl_1 -to_step write_bitstream -jobs 6
WARNING: [Project 1-478] Design 'synth_1' is stale and will not be used when launching 'impl_1'
[Sun Jan 10 19:10:16 2021] Launched synth_1...
Run output will be captured here: C:/Users/Shlab29/Desktop/dcl_reset/dcl_final_project/snake_game/snake_game.runs/synth_1/runme.log
[Sun Jan 10 19:10:16 2021] Launched impl_1...
Run output will be captured here: C:/Users/Shlab29/Desktop/dcl_reset/dcl_final_project/snake_game/snake_game.runs/impl_1/runme.log
refresh_design
Netlist sorting complete. Time (s): cpu = 00:00:00 ; elapsed = 00:00:00.036 . Memory (MB): peak = 3209.070 ; gain = 0.000
INFO: [Netlist 29-17] Analyzing 379 Unisim elements for replacement
INFO: [Netlist 29-28] Unisim Transformation completed in 0 CPU seconds
WARNING: [Netlist 29-101] Netlist 'snake_game' is not ideal for floorplanning, since the cellview 'logic' contains a large number of primitives.  Please consider enabling hierarchy in synthesis if you want to do floorplanning.
INFO: [Project 1-479] Netlist was created with Vivado 2020.1
INFO: [Project 1-570] Preparing netlist for logic optimization
Parsing XDC File [C:/Users/Shlab29/Desktop/dcl_reset/dcl_final_project/snake_game/snake_game.srcs/constrs_1/new/snake_game.xdc]
Finished Parsing XDC File [C:/Users/Shlab29/Desktop/dcl_reset/dcl_final_project/snake_game/snake_game.srcs/constrs_1/new/snake_game.xdc]
INFO: [Opt 31-138] Pushed 0 inverter(s) to 0 load pin(s).
set_property PROBES.FILE {} [get_hw_devices xc7a35t_0]
set_property FULL_PROBES.FILE {} [get_hw_devices xc7a35t_0]
set_property PROGRAM.FILE {C:/Users/Shlab29/Desktop/dcl_reset/dcl_final_project/snake_game/snake_game.runs/impl_1/snake_game.bit} [get_hw_devices xc7a35t_0]
program_hw_devices [get_hw_devices xc7a35t_0]
INFO: [Labtools 27-3164] End of startup status: HIGH
refresh_hw_device [lindex [get_hw_devices xc7a35t_0] 0]
INFO: [Labtools 27-1434] Device xc7a35t (JTAG device index = 0) is programmed with a design that has no supported debug core(s) in it.
set_property PROBES.FILE {} [get_hw_devices xc7a35t_0]
set_property FULL_PROBES.FILE {} [get_hw_devices xc7a35t_0]
set_property PROGRAM.FILE {C:/Users/Shlab29/Desktop/dcl_reset/dcl_final_project/snake_game/snake_game.runs/impl_1/snake_game.bit} [get_hw_devices xc7a35t_0]
program_hw_devices [get_hw_devices xc7a35t_0]
INFO: [Labtools 27-3164] End of startup status: HIGH
refresh_hw_device [lindex [get_hw_devices xc7a35t_0] 0]
INFO: [Labtools 27-1434] Device xc7a35t (JTAG device index = 0) is programmed with a design that has no supported debug core(s) in it.
ERROR: [Labtoolstcl 44-513] HW Target shutdown. Closing target: localhost:3121/xilinx_tcf/Digilent/210319A43754A
INFO: [Labtoolstcl 44-466] Opening hw_target localhost:3121/xilinx_tcf/Digilent/210319A43754A
INFO: [Labtools 27-1434] Device xc7a35t (JTAG device index = 0) is programmed with a design that has no supported debug core(s) in it.
WARNING: [Labtoolstcl 44-129] No matching hw_ila_data was found.
report_utilization -name utilization_1
reset_run synth_1
launch_runs impl_1 -to_step write_bitstream -jobs 6
WARNING: [Project 1-478] Design 'synth_1' is stale and will not be used when launching 'impl_1'
[Sun Jan 10 20:41:55 2021] Launched synth_1...
Run output will be captured here: C:/Users/Shlab29/Desktop/dcl_reset/dcl_final_project/snake_game/snake_game.runs/synth_1/runme.log
[Sun Jan 10 20:41:55 2021] Launched impl_1...
Run output will be captured here: C:/Users/Shlab29/Desktop/dcl_reset/dcl_final_project/snake_game/snake_game.runs/impl_1/runme.log
refresh_design
Netlist sorting complete. Time (s): cpu = 00:00:01 ; elapsed = 00:00:00.041 . Memory (MB): peak = 3482.059 ; gain = 0.000
INFO: [Netlist 29-17] Analyzing 473 Unisim elements for replacement
INFO: [Netlist 29-28] Unisim Transformation completed in 0 CPU seconds
WARNING: [Netlist 29-101] Netlist 'snake_game' is not ideal for floorplanning, since the cellview 'logic' contains a large number of primitives.  Please consider enabling hierarchy in synthesis if you want to do floorplanning.
INFO: [Project 1-479] Netlist was created with Vivado 2020.1
INFO: [Project 1-570] Preparing netlist for logic optimization
Parsing XDC File [C:/Users/Shlab29/Desktop/dcl_reset/dcl_final_project/snake_game/snake_game.srcs/constrs_1/new/snake_game.xdc]
Finished Parsing XDC File [C:/Users/Shlab29/Desktop/dcl_reset/dcl_final_project/snake_game/snake_game.srcs/constrs_1/new/snake_game.xdc]
INFO: [Opt 31-138] Pushed 0 inverter(s) to 0 load pin(s).
set_property PROBES.FILE {} [get_hw_devices xc7a35t_0]
set_property FULL_PROBES.FILE {} [get_hw_devices xc7a35t_0]
set_property PROGRAM.FILE {C:/Users/Shlab29/Desktop/dcl_reset/dcl_final_project/snake_game/snake_game.runs/impl_1/snake_game.bit} [get_hw_devices xc7a35t_0]
program_hw_devices [get_hw_devices xc7a35t_0]
INFO: [Labtools 27-3164] End of startup status: HIGH
refresh_hw_device [lindex [get_hw_devices xc7a35t_0] 0]
INFO: [Labtools 27-1434] Device xc7a35t (JTAG device index = 0) is programmed with a design that has no supported debug core(s) in it.
reset_run synth_1
launch_runs impl_1 -to_step write_bitstream -jobs 6
WARNING: [Project 1-478] Design 'synth_1' is stale and will not be used when launching 'impl_1'
[Sun Jan 10 21:04:57 2021] Launched synth_1...
Run output will be captured here: C:/Users/Shlab29/Desktop/dcl_reset/dcl_final_project/snake_game/snake_game.runs/synth_1/runme.log
[Sun Jan 10 21:04:57 2021] Launched impl_1...
Run output will be captured here: C:/Users/Shlab29/Desktop/dcl_reset/dcl_final_project/snake_game/snake_game.runs/impl_1/runme.log
reset_run synth_1
launch_runs impl_1 -to_step write_bitstream -jobs 6
WARNING: [Project 1-478] Design 'synth_1' is stale and will not be used when launching 'impl_1'
[Sun Jan 10 21:16:23 2021] Launched synth_1...
Run output will be captured here: C:/Users/Shlab29/Desktop/dcl_reset/dcl_final_project/snake_game/snake_game.runs/synth_1/runme.log
[Sun Jan 10 21:16:23 2021] Launched impl_1...
Run output will be captured here: C:/Users/Shlab29/Desktop/dcl_reset/dcl_final_project/snake_game/snake_game.runs/impl_1/runme.log
reset_run synth_1
launch_runs impl_1 -to_step write_bitstream -jobs 6
WARNING: [Project 1-478] Design 'synth_1' is stale and will not be used when launching 'impl_1'
[Sun Jan 10 21:18:23 2021] Launched synth_1...
Run output will be captured here: C:/Users/Shlab29/Desktop/dcl_reset/dcl_final_project/snake_game/snake_game.runs/synth_1/runme.log
[Sun Jan 10 21:18:23 2021] Launched impl_1...
Run output will be captured here: C:/Users/Shlab29/Desktop/dcl_reset/dcl_final_project/snake_game/snake_game.runs/impl_1/runme.log
export_ip_user_files -of_objects  [get_files C:/Users/Shlab29/Desktop/dcl_final_project/snake_game/snake_game.srcs/sources_1/new/random.v] -no_script -reset -force -quiet
remove_files  C:/Users/Shlab29/Desktop/dcl_final_project/snake_game/snake_game.srcs/sources_1/new/random.v
add_files -norecurse C:/Users/Shlab29/Desktop/dcl_final_project/snake_game/snake_game.srcs/sources_1/new/random.v
update_compile_order -fileset sources_1
reset_run synth_1
launch_runs impl_1 -to_step write_bitstream -jobs 6
WARNING: [Project 1-478] Design 'synth_1' is stale and will not be used when launching 'impl_1'
[Sun Jan 10 21:20:53 2021] Launched synth_1...
Run output will be captured here: C:/Users/Shlab29/Desktop/dcl_reset/dcl_final_project/snake_game/snake_game.runs/synth_1/runme.log
[Sun Jan 10 21:20:53 2021] Launched impl_1...
Run output will be captured here: C:/Users/Shlab29/Desktop/dcl_reset/dcl_final_project/snake_game/snake_game.runs/impl_1/runme.log
set_property PROBES.FILE {} [get_hw_devices xc7a35t_0]
set_property FULL_PROBES.FILE {} [get_hw_devices xc7a35t_0]
set_property PROGRAM.FILE {C:/Users/Shlab29/Desktop/dcl_reset/dcl_final_project/snake_game/snake_game.runs/impl_1/snake_game.bit} [get_hw_devices xc7a35t_0]
program_hw_devices [get_hw_devices xc7a35t_0]
INFO: [Labtools 27-3164] End of startup status: HIGH
refresh_hw_device [lindex [get_hw_devices xc7a35t_0] 0]
INFO: [Labtools 27-1434] Device xc7a35t (JTAG device index = 0) is programmed with a design that has no supported debug core(s) in it.
set_property PROBES.FILE {} [get_hw_devices xc7a35t_0]
set_property FULL_PROBES.FILE {} [get_hw_devices xc7a35t_0]
set_property PROGRAM.FILE {C:/Users/Shlab29/Desktop/dcl_reset/dcl_final_project/snake_game/snake_game.runs/impl_1/snake_game.bit} [get_hw_devices xc7a35t_0]
program_hw_devices [get_hw_devices xc7a35t_0]
INFO: [Labtools 27-3164] End of startup status: HIGH
refresh_hw_device [lindex [get_hw_devices xc7a35t_0] 0]
INFO: [Labtools 27-1434] Device xc7a35t (JTAG device index = 0) is programmed with a design that has no supported debug core(s) in it.
report_utilization -name utilization_1
refresh_design
Netlist sorting complete. Time (s): cpu = 00:00:00 ; elapsed = 00:00:00.039 . Memory (MB): peak = 3482.059 ; gain = 0.000
INFO: [Netlist 29-17] Analyzing 388 Unisim elements for replacement
INFO: [Netlist 29-28] Unisim Transformation completed in 0 CPU seconds
WARNING: [Netlist 29-101] Netlist 'snake_game' is not ideal for floorplanning, since the cellview 'logic' contains a large number of primitives.  Please consider enabling hierarchy in synthesis if you want to do floorplanning.
INFO: [Project 1-479] Netlist was created with Vivado 2020.1
INFO: [Project 1-570] Preparing netlist for logic optimization
Parsing XDC File [C:/Users/Shlab29/Desktop/dcl_reset/dcl_final_project/snake_game/snake_game.srcs/constrs_1/new/snake_game.xdc]
Finished Parsing XDC File [C:/Users/Shlab29/Desktop/dcl_reset/dcl_final_project/snake_game/snake_game.srcs/constrs_1/new/snake_game.xdc]
INFO: [Opt 31-138] Pushed 0 inverter(s) to 0 load pin(s).
close_design
open_run impl_1
Netlist sorting complete. Time (s): cpu = 00:00:00 ; elapsed = 00:00:00.039 . Memory (MB): peak = 3482.059 ; gain = 0.000
INFO: [Netlist 29-17] Analyzing 378 Unisim elements for replacement
INFO: [Netlist 29-28] Unisim Transformation completed in 0 CPU seconds
WARNING: [Netlist 29-101] Netlist 'snake_game' is not ideal for floorplanning, since the cellview 'logic' contains a large number of primitives.  Please consider enabling hierarchy in synthesis if you want to do floorplanning.
INFO: [Project 1-479] Netlist was created with Vivado 2020.1
INFO: [Project 1-570] Preparing netlist for logic optimization
INFO: [Timing 38-478] Restoring timing data from binary archive.
INFO: [Timing 38-479] Binary timing data restore complete.
INFO: [Project 1-856] Restoring constraints from binary archive.
INFO: [Project 1-853] Binary constraint restore complete.
Reading XDEF placement.
Reading placer database...
Reading XDEF routing.
Read XDEF File: Time (s): cpu = 00:00:00 ; elapsed = 00:00:00.672 . Memory (MB): peak = 3482.059 ; gain = 0.000
Restored from archive | CPU: 0.000000 secs | Memory: 0.000000 MB |
Finished XDEF File Restore: Time (s): cpu = 00:00:00 ; elapsed = 00:00:00.673 . Memory (MB): peak = 3482.059 ; gain = 0.000
Netlist sorting complete. Time (s): cpu = 00:00:00 ; elapsed = 00:00:00.001 . Memory (MB): peak = 3482.059 ; gain = 0.000
INFO: [Project 1-111] Unisim Transformation Summary:
  A total of 24 instances were transformed.
  RAM64M => RAM64M (RAMD64E(x4)): 12 instances
  RAM64X1D => RAM64X1D (RAMD64E(x2)): 12 instances

set_property PROBES.FILE {} [get_hw_devices xc7a35t_0]
set_property FULL_PROBES.FILE {} [get_hw_devices xc7a35t_0]
set_property PROGRAM.FILE {C:/Users/Shlab29/Desktop/dcl_reset/dcl_final_project/snake_game/snake_game.runs/impl_1/snake_game.bit} [get_hw_devices xc7a35t_0]
program_hw_devices [get_hw_devices xc7a35t_0]
INFO: [Labtools 27-3164] End of startup status: HIGH
refresh_hw_device [lindex [get_hw_devices xc7a35t_0] 0]
INFO: [Labtools 27-1434] Device xc7a35t (JTAG device index = 0) is programmed with a design that has no supported debug core(s) in it.
open_run synth_1 -name synth_1
Design is defaulting to impl run constrset: constrs_1
Design is defaulting to synth run part: xc7a35ticsg324-1L
Netlist sorting complete. Time (s): cpu = 00:00:00 ; elapsed = 00:00:00.041 . Memory (MB): peak = 3482.059 ; gain = 0.000
INFO: [Netlist 29-17] Analyzing 388 Unisim elements for replacement
INFO: [Netlist 29-28] Unisim Transformation completed in 0 CPU seconds
WARNING: [Netlist 29-101] Netlist 'snake_game' is not ideal for floorplanning, since the cellview 'logic' contains a large number of primitives.  Please consider enabling hierarchy in synthesis if you want to do floorplanning.
INFO: [Project 1-479] Netlist was created with Vivado 2020.1
INFO: [Project 1-570] Preparing netlist for logic optimization
Parsing XDC File [C:/Users/Shlab29/Desktop/dcl_reset/dcl_final_project/snake_game/snake_game.srcs/constrs_1/new/snake_game.xdc]
Finished Parsing XDC File [C:/Users/Shlab29/Desktop/dcl_reset/dcl_final_project/snake_game/snake_game.srcs/constrs_1/new/snake_game.xdc]
INFO: [Opt 31-138] Pushed 0 inverter(s) to 0 load pin(s).
Netlist sorting complete. Time (s): cpu = 00:00:00 ; elapsed = 00:00:00.001 . Memory (MB): peak = 3482.059 ; gain = 0.000
INFO: [Project 1-111] Unisim Transformation Summary:
  A total of 24 instances were transformed.
  RAM64M => RAM64M (RAMD64E(x4)): 12 instances
  RAM64X1D => RAM64X1D (RAMD64E(x2)): 12 instances

report_utilization -name utilization_1
exit
INFO: [Common 17-206] Exiting Vivado at Sun Jan 10 21:50:01 2021...
