#-----------------------------------------------------------
# Vivado v2020.1 (64-bit)
# SW Build 2902540 on Wed May 27 19:54:49 MDT 2020
# IP Build 2902112 on Wed May 27 22:43:36 MDT 2020
# Start of session at: Wed Jan  6 11:05:20 2021
# Process ID: 10448
# Current directory: C:/Users/Shlab29/Desktop/dcl_final_project/snake_game
# Command line: vivado.exe -gui_launcher_event rodinguilauncherevent4684 C:\Users\Shlab29\Desktop\dcl_final_project\snake_game\snake_game.xpr
# Log file: C:/Users/Shlab29/Desktop/dcl_final_project/snake_game/vivado.log
# Journal file: C:/Users/Shlab29/Desktop/dcl_final_project/snake_game\vivado.jou
#-----------------------------------------------------------
start_gui
open_project C:/Users/Shlab29/Desktop/dcl_final_project/snake_game/snake_game.xpr
Scanning sources...
Finished scanning sources
WARNING: [filemgmt 56-3] IPUserFilesDir: Could not find the directory 'C:/Users/Shlab29/Desktop/dcl_final_project/snake_game/snake_game.ip_user_files'.
INFO: [IP_Flow 19-234] Refreshing IP repositories
INFO: [IP_Flow 19-1704] No user IP repositories specified
INFO: [IP_Flow 19-2313] Loaded Vivado IP repository 'C:/Xilinx/Vivado/2020.1/data/ip'.
open_project: Time (s): cpu = 00:00:09 ; elapsed = 00:00:13 . Memory (MB): peak = 994.891 ; gain = 0.000
update_compile_order -fileset sources_1
open_hw_manager
connect_hw_server -allow_non_jtag
INFO: [Labtools 27-2285] Connecting to hw_server url TCP:localhost:3121
INFO: [Labtools 27-2222] Launching hw_server...
INFO: [Labtools 27-2221] Launch Output:

****** Xilinx hw_server v2020.1
  **** Build date : May 27 2020 at 20:24:38
    ** Copyright 1986-2020 Xilinx, Inc. All Rights Reserved.


INFO: [Labtools 27-3415] Connecting to cs_server url TCP:localhost:3042
INFO: [Labtools 27-3417] Launching cs_server...
INFO: [Labtools 27-2221] Launch Output:


****** Xilinx cs_server v2020.1.0
  **** Build date : May 14 2020-09:10:29
    ** Copyright 2017-2020 Xilinx, Inc. All Rights Reserved.



connect_hw_server: Time (s): cpu = 00:00:02 ; elapsed = 00:00:12 . Memory (MB): peak = 994.891 ; gain = 0.000
open_hw_target
INFO: [Labtoolstcl 44-466] Opening hw_target localhost:3121/xilinx_tcf/Digilent/210319A438CBA
set_property PROGRAM.FILE {C:/Users/Shlab29/Desktop/dcl_final_project/snake_game/snake_game.runs/impl_1/snake_game.bit} [get_hw_devices xc7a35t_0]
current_hw_device [get_hw_devices xc7a35t_0]
refresh_hw_device -update_hw_probes false [lindex [get_hw_devices xc7a35t_0] 0]
INFO: [Labtools 27-1434] Device xc7a35t (JTAG device index = 0) is programmed with a design that has no supported debug core(s) in it.
set_property PROBES.FILE {} [get_hw_devices xc7a35t_0]
set_property FULL_PROBES.FILE {} [get_hw_devices xc7a35t_0]
set_property PROGRAM.FILE {C:/Users/Shlab29/Desktop/dcl_final_project/snake_game/snake_game.runs/impl_1/snake_game.bit} [get_hw_devices xc7a35t_0]
program_hw_devices [get_hw_devices xc7a35t_0]
INFO: [Labtools 27-3164] End of startup status: HIGH
refresh_hw_device [lindex [get_hw_devices xc7a35t_0] 0]
INFO: [Labtools 27-1434] Device xc7a35t (JTAG device index = 0) is programmed with a design that has no supported debug core(s) in it.
update_compile_order -fileset sources_1
reset_run synth_1
launch_runs impl_1 -to_step write_bitstream -jobs 6
[Wed Jan  6 11:28:08 2021] Launched synth_1...
Run output will be captured here: C:/Users/Shlab29/Desktop/dcl_final_project/snake_game/snake_game.runs/synth_1/runme.log
[Wed Jan  6 11:28:08 2021] Launched impl_1...
Run output will be captured here: C:/Users/Shlab29/Desktop/dcl_final_project/snake_game/snake_game.runs/impl_1/runme.log
update_compile_order -fileset sources_1
reset_run synth_1
launch_runs impl_1 -to_step write_bitstream -jobs 6
[Wed Jan  6 11:29:53 2021] Launched synth_1...
Run output will be captured here: C:/Users/Shlab29/Desktop/dcl_final_project/snake_game/snake_game.runs/synth_1/runme.log
[Wed Jan  6 11:29:53 2021] Launched impl_1...
Run output will be captured here: C:/Users/Shlab29/Desktop/dcl_final_project/snake_game/snake_game.runs/impl_1/runme.log
reset_run synth_1
launch_runs impl_1 -to_step write_bitstream -jobs 6
[Wed Jan  6 11:32:05 2021] Launched synth_1...
Run output will be captured here: C:/Users/Shlab29/Desktop/dcl_final_project/snake_game/snake_game.runs/synth_1/runme.log
[Wed Jan  6 11:32:05 2021] Launched impl_1...
Run output will be captured here: C:/Users/Shlab29/Desktop/dcl_final_project/snake_game/snake_game.runs/impl_1/runme.log
reset_run impl_1 -prev_step 
launch_runs impl_1 -to_step write_bitstream -jobs 6
[Wed Jan  6 11:47:47 2021] Launched impl_1...
Run output will be captured here: C:/Users/Shlab29/Desktop/dcl_final_project/snake_game/snake_game.runs/impl_1/runme.log
reset_run impl_1 -prev_step 
launch_runs impl_1 -to_step write_bitstream -jobs 6
[Wed Jan  6 11:48:54 2021] Launched impl_1...
Run output will be captured here: C:/Users/Shlab29/Desktop/dcl_final_project/snake_game/snake_game.runs/impl_1/runme.log
reset_run synth_1
launch_runs impl_1 -to_step write_bitstream -jobs 6
[Wed Jan  6 11:57:23 2021] Launched synth_1...
Run output will be captured here: C:/Users/Shlab29/Desktop/dcl_final_project/snake_game/snake_game.runs/synth_1/runme.log
[Wed Jan  6 11:57:23 2021] Launched impl_1...
Run output will be captured here: C:/Users/Shlab29/Desktop/dcl_final_project/snake_game/snake_game.runs/impl_1/runme.log
reset_run synth_1
launch_runs impl_1 -to_step write_bitstream -jobs 6
[Wed Jan  6 11:59:21 2021] Launched synth_1...
Run output will be captured here: C:/Users/Shlab29/Desktop/dcl_final_project/snake_game/snake_game.runs/synth_1/runme.log
[Wed Jan  6 11:59:21 2021] Launched impl_1...
Run output will be captured here: C:/Users/Shlab29/Desktop/dcl_final_project/snake_game/snake_game.runs/impl_1/runme.log
set_property PROBES.FILE {} [get_hw_devices xc7a35t_0]
set_property FULL_PROBES.FILE {} [get_hw_devices xc7a35t_0]
set_property PROGRAM.FILE {C:/Users/Shlab29/Desktop/dcl_final_project/snake_game/snake_game.runs/impl_1/snake_game.bit} [get_hw_devices xc7a35t_0]
program_hw_devices [get_hw_devices xc7a35t_0]
INFO: [Labtools 27-3164] End of startup status: HIGH
refresh_hw_device [lindex [get_hw_devices xc7a35t_0] 0]
INFO: [Labtools 27-1434] Device xc7a35t (JTAG device index = 0) is programmed with a design that has no supported debug core(s) in it.
ERROR: [Labtoolstcl 44-513] HW Target shutdown. Closing target: localhost:3121/xilinx_tcf/Digilent/210319A438CBA
disconnect_hw_server localhost:3121
connect_hw_server -allow_non_jtag
INFO: [Labtools 27-2285] Connecting to hw_server url TCP:localhost:3121
INFO: [Labtools 27-3415] Connecting to cs_server url TCP:localhost:3042
INFO: [Labtools 27-3414] Connected to existing cs_server.
ERROR: [Labtoolstcl 44-494] There is no active target available for server at localhost.
 Targets(s) ", jsn-Arty-210319A438CBA" may be locked by another hw_server.
disconnect_hw_server localhost:3121
connect_hw_server -allow_non_jtag
INFO: [Labtools 27-2285] Connecting to hw_server url TCP:localhost:3121
INFO: [Labtools 27-3415] Connecting to cs_server url TCP:localhost:3042
INFO: [Labtools 27-3414] Connected to existing cs_server.
open_hw_target
INFO: [Labtoolstcl 44-466] Opening hw_target localhost:3121/xilinx_tcf/Digilent/210319A438CBA
set_property PROGRAM.FILE {C:/Users/Shlab29/Desktop/dcl_final_project/snake_game/snake_game.runs/impl_1/snake_game.bit} [get_hw_devices xc7a35t_0]
current_hw_device [get_hw_devices xc7a35t_0]
refresh_hw_device -update_hw_probes false [lindex [get_hw_devices xc7a35t_0] 0]
INFO: [Labtools 27-1434] Device xc7a35t (JTAG device index = 0) is programmed with a design that has no supported debug core(s) in it.
set_property PROBES.FILE {} [get_hw_devices xc7a35t_0]
set_property FULL_PROBES.FILE {} [get_hw_devices xc7a35t_0]
set_property PROGRAM.FILE {C:/Users/Shlab29/Desktop/dcl_final_project/snake_game/snake_game.runs/impl_1/snake_game.bit} [get_hw_devices xc7a35t_0]
program_hw_devices [get_hw_devices xc7a35t_0]
INFO: [Labtools 27-3164] End of startup status: HIGH
refresh_hw_device [lindex [get_hw_devices xc7a35t_0] 0]
INFO: [Labtools 27-1434] Device xc7a35t (JTAG device index = 0) is programmed with a design that has no supported debug core(s) in it.
set_property PROBES.FILE {} [get_hw_devices xc7a35t_0]
set_property FULL_PROBES.FILE {} [get_hw_devices xc7a35t_0]
set_property PROGRAM.FILE {C:/Users/Shlab29/Desktop/dcl_final_project/snake_game/snake_game.runs/impl_1/snake_game.bit} [get_hw_devices xc7a35t_0]
program_hw_devices [get_hw_devices xc7a35t_0]
INFO: [Labtools 27-3164] End of startup status: HIGH
refresh_hw_device [lindex [get_hw_devices xc7a35t_0] 0]
INFO: [Labtools 27-1434] Device xc7a35t (JTAG device index = 0) is programmed with a design that has no supported debug core(s) in it.
reset_run impl_1 -prev_step 
launch_runs impl_1 -to_step write_bitstream -jobs 6
[Wed Jan  6 15:12:52 2021] Launched impl_1...
Run output will be captured here: C:/Users/Shlab29/Desktop/dcl_final_project/snake_game/snake_game.runs/impl_1/runme.log
reset_run synth_1
launch_runs impl_1 -to_step write_bitstream -jobs 6
[Wed Jan  6 15:19:23 2021] Launched synth_1...
Run output will be captured here: C:/Users/Shlab29/Desktop/dcl_final_project/snake_game/snake_game.runs/synth_1/runme.log
[Wed Jan  6 15:19:23 2021] Launched impl_1...
Run output will be captured here: C:/Users/Shlab29/Desktop/dcl_final_project/snake_game/snake_game.runs/impl_1/runme.log
reset_run impl_1
launch_runs impl_1 -to_step write_bitstream -jobs 6
[Wed Jan  6 15:22:43 2021] Launched impl_1...
Run output will be captured here: C:/Users/Shlab29/Desktop/dcl_final_project/snake_game/snake_game.runs/impl_1/runme.log
set_property PROBES.FILE {} [get_hw_devices xc7a35t_0]
set_property FULL_PROBES.FILE {} [get_hw_devices xc7a35t_0]
set_property PROGRAM.FILE {C:/Users/Shlab29/Desktop/dcl_final_project/snake_game/snake_game.runs/impl_1/snake_game.bit} [get_hw_devices xc7a35t_0]
program_hw_devices [get_hw_devices xc7a35t_0]
INFO: [Labtools 27-3164] End of startup status: HIGH
refresh_hw_device [lindex [get_hw_devices xc7a35t_0] 0]
INFO: [Labtools 27-1434] Device xc7a35t (JTAG device index = 0) is programmed with a design that has no supported debug core(s) in it.
reset_run synth_1
launch_runs impl_1 -to_step write_bitstream -jobs 6
[Wed Jan  6 15:38:57 2021] Launched synth_1...
Run output will be captured here: C:/Users/Shlab29/Desktop/dcl_final_project/snake_game/snake_game.runs/synth_1/runme.log
[Wed Jan  6 15:38:57 2021] Launched impl_1...
Run output will be captured here: C:/Users/Shlab29/Desktop/dcl_final_project/snake_game/snake_game.runs/impl_1/runme.log
reset_run synth_1
launch_runs impl_1 -to_step write_bitstream -jobs 6
[Wed Jan  6 15:42:03 2021] Launched synth_1...
Run output will be captured here: C:/Users/Shlab29/Desktop/dcl_final_project/snake_game/snake_game.runs/synth_1/runme.log
[Wed Jan  6 15:42:03 2021] Launched impl_1...
Run output will be captured here: C:/Users/Shlab29/Desktop/dcl_final_project/snake_game/snake_game.runs/impl_1/runme.log
reset_run synth_1
launch_runs impl_1 -to_step write_bitstream -jobs 6
[Wed Jan  6 15:43:17 2021] Launched synth_1...
Run output will be captured here: C:/Users/Shlab29/Desktop/dcl_final_project/snake_game/snake_game.runs/synth_1/runme.log
[Wed Jan  6 15:43:17 2021] Launched impl_1...
Run output will be captured here: C:/Users/Shlab29/Desktop/dcl_final_project/snake_game/snake_game.runs/impl_1/runme.log
set_property PROBES.FILE {} [get_hw_devices xc7a35t_0]
set_property FULL_PROBES.FILE {} [get_hw_devices xc7a35t_0]
set_property PROGRAM.FILE {C:/Users/Shlab29/Desktop/dcl_final_project/snake_game/snake_game.runs/impl_1/snake_game.bit} [get_hw_devices xc7a35t_0]
program_hw_devices [get_hw_devices xc7a35t_0]
INFO: [Labtools 27-3164] End of startup status: HIGH
refresh_hw_device [lindex [get_hw_devices xc7a35t_0] 0]
INFO: [Labtools 27-1434] Device xc7a35t (JTAG device index = 0) is programmed with a design that has no supported debug core(s) in it.
reset_run impl_1 -prev_step 
launch_runs impl_1 -to_step write_bitstream -jobs 6
[Wed Jan  6 15:54:16 2021] Launched impl_1...
Run output will be captured here: C:/Users/Shlab29/Desktop/dcl_final_project/snake_game/snake_game.runs/impl_1/runme.log
set_property PROBES.FILE {} [get_hw_devices xc7a35t_0]
set_property FULL_PROBES.FILE {} [get_hw_devices xc7a35t_0]
set_property PROGRAM.FILE {C:/Users/Shlab29/Desktop/dcl_final_project/snake_game/snake_game.runs/impl_1/snake_game.bit} [get_hw_devices xc7a35t_0]
program_hw_devices [get_hw_devices xc7a35t_0]
INFO: [Labtools 27-3164] End of startup status: HIGH
refresh_hw_device [lindex [get_hw_devices xc7a35t_0] 0]
INFO: [Labtools 27-1434] Device xc7a35t (JTAG device index = 0) is programmed with a design that has no supported debug core(s) in it.
reset_run synth_1
launch_runs impl_1 -to_step write_bitstream -jobs 6
[Wed Jan  6 15:57:51 2021] Launched synth_1...
Run output will be captured here: C:/Users/Shlab29/Desktop/dcl_final_project/snake_game/snake_game.runs/synth_1/runme.log
[Wed Jan  6 15:57:51 2021] Launched impl_1...
Run output will be captured here: C:/Users/Shlab29/Desktop/dcl_final_project/snake_game/snake_game.runs/impl_1/runme.log
set_property PROBES.FILE {} [get_hw_devices xc7a35t_0]
set_property FULL_PROBES.FILE {} [get_hw_devices xc7a35t_0]
set_property PROGRAM.FILE {C:/Users/Shlab29/Desktop/dcl_final_project/snake_game/snake_game.runs/impl_1/snake_game.bit} [get_hw_devices xc7a35t_0]
program_hw_devices [get_hw_devices xc7a35t_0]
INFO: [Labtools 27-3164] End of startup status: HIGH
refresh_hw_device [lindex [get_hw_devices xc7a35t_0] 0]
INFO: [Labtools 27-1434] Device xc7a35t (JTAG device index = 0) is programmed with a design that has no supported debug core(s) in it.
reset_run impl_1 -prev_step 
launch_runs impl_1 -to_step write_bitstream -jobs 6
[Wed Jan  6 16:09:30 2021] Launched impl_1...
Run output will be captured here: C:/Users/Shlab29/Desktop/dcl_final_project/snake_game/snake_game.runs/impl_1/runme.log
reset_run synth_1
launch_runs impl_1 -to_step write_bitstream -jobs 6
[Wed Jan  6 16:16:58 2021] Launched synth_1...
Run output will be captured here: C:/Users/Shlab29/Desktop/dcl_final_project/snake_game/snake_game.runs/synth_1/runme.log
[Wed Jan  6 16:16:58 2021] Launched impl_1...
Run output will be captured here: C:/Users/Shlab29/Desktop/dcl_final_project/snake_game/snake_game.runs/impl_1/runme.log
set_property PROBES.FILE {} [get_hw_devices xc7a35t_0]
set_property FULL_PROBES.FILE {} [get_hw_devices xc7a35t_0]
set_property PROGRAM.FILE {C:/Users/Shlab29/Desktop/dcl_final_project/snake_game/snake_game.runs/impl_1/snake_game.bit} [get_hw_devices xc7a35t_0]
program_hw_devices [get_hw_devices xc7a35t_0]
INFO: [Labtools 27-3164] End of startup status: HIGH
refresh_hw_device [lindex [get_hw_devices xc7a35t_0] 0]
INFO: [Labtools 27-1434] Device xc7a35t (JTAG device index = 0) is programmed with a design that has no supported debug core(s) in it.
reset_run impl_1 -prev_step 
launch_runs impl_1 -to_step write_bitstream -jobs 6
[Wed Jan  6 16:27:53 2021] Launched impl_1...
Run output will be captured here: C:/Users/Shlab29/Desktop/dcl_final_project/snake_game/snake_game.runs/impl_1/runme.log
set_property PROBES.FILE {} [get_hw_devices xc7a35t_0]
set_property FULL_PROBES.FILE {} [get_hw_devices xc7a35t_0]
set_property PROGRAM.FILE {C:/Users/Shlab29/Desktop/dcl_final_project/snake_game/snake_game.runs/impl_1/snake_game.bit} [get_hw_devices xc7a35t_0]
program_hw_devices [get_hw_devices xc7a35t_0]
INFO: [Labtools 27-3164] End of startup status: HIGH
refresh_hw_device [lindex [get_hw_devices xc7a35t_0] 0]
INFO: [Labtools 27-1434] Device xc7a35t (JTAG device index = 0) is programmed with a design that has no supported debug core(s) in it.
reset_run synth_1
launch_runs impl_1 -to_step write_bitstream -jobs 6
[Wed Jan  6 16:37:17 2021] Launched synth_1...
Run output will be captured here: C:/Users/Shlab29/Desktop/dcl_final_project/snake_game/snake_game.runs/synth_1/runme.log
[Wed Jan  6 16:37:17 2021] Launched impl_1...
Run output will be captured here: C:/Users/Shlab29/Desktop/dcl_final_project/snake_game/snake_game.runs/impl_1/runme.log
set_property PROBES.FILE {} [get_hw_devices xc7a35t_0]
set_property FULL_PROBES.FILE {} [get_hw_devices xc7a35t_0]
set_property PROGRAM.FILE {C:/Users/Shlab29/Desktop/dcl_final_project/snake_game/snake_game.runs/impl_1/snake_game.bit} [get_hw_devices xc7a35t_0]
program_hw_devices [get_hw_devices xc7a35t_0]
INFO: [Labtools 27-3164] End of startup status: HIGH
refresh_hw_device [lindex [get_hw_devices xc7a35t_0] 0]
INFO: [Labtools 27-1434] Device xc7a35t (JTAG device index = 0) is programmed with a design that has no supported debug core(s) in it.
reset_run impl_1 -prev_step 
launch_runs impl_1 -to_step write_bitstream -jobs 6
[Wed Jan  6 16:47:09 2021] Launched impl_1...
Run output will be captured here: C:/Users/Shlab29/Desktop/dcl_final_project/snake_game/snake_game.runs/impl_1/runme.log
reset_run synth_1
launch_runs impl_1 -to_step write_bitstream -jobs 6
[Wed Jan  6 16:48:40 2021] Launched synth_1...
Run output will be captured here: C:/Users/Shlab29/Desktop/dcl_final_project/snake_game/snake_game.runs/synth_1/runme.log
[Wed Jan  6 16:48:40 2021] Launched impl_1...
Run output will be captured here: C:/Users/Shlab29/Desktop/dcl_final_project/snake_game/snake_game.runs/impl_1/runme.log
set_property PROBES.FILE {} [get_hw_devices xc7a35t_0]
set_property FULL_PROBES.FILE {} [get_hw_devices xc7a35t_0]
set_property PROGRAM.FILE {C:/Users/Shlab29/Desktop/dcl_final_project/snake_game/snake_game.runs/impl_1/snake_game.bit} [get_hw_devices xc7a35t_0]
program_hw_devices [get_hw_devices xc7a35t_0]
INFO: [Labtools 27-3164] End of startup status: HIGH
refresh_hw_device [lindex [get_hw_devices xc7a35t_0] 0]
INFO: [Labtools 27-1434] Device xc7a35t (JTAG device index = 0) is programmed with a design that has no supported debug core(s) in it.
reset_run impl_1 -prev_step 
launch_runs impl_1 -to_step write_bitstream -jobs 6
[Wed Jan  6 16:54:22 2021] Launched impl_1...
Run output will be captured here: C:/Users/Shlab29/Desktop/dcl_final_project/snake_game/snake_game.runs/impl_1/runme.log
reset_run synth_1
launch_runs impl_1 -to_step write_bitstream -jobs 6
[Wed Jan  6 16:55:40 2021] Launched synth_1...
Run output will be captured here: C:/Users/Shlab29/Desktop/dcl_final_project/snake_game/snake_game.runs/synth_1/runme.log
[Wed Jan  6 16:55:40 2021] Launched impl_1...
Run output will be captured here: C:/Users/Shlab29/Desktop/dcl_final_project/snake_game/snake_game.runs/impl_1/runme.log
set_property PROBES.FILE {} [get_hw_devices xc7a35t_0]
set_property FULL_PROBES.FILE {} [get_hw_devices xc7a35t_0]
set_property PROGRAM.FILE {C:/Users/Shlab29/Desktop/dcl_final_project/snake_game/snake_game.runs/impl_1/snake_game.bit} [get_hw_devices xc7a35t_0]
program_hw_devices [get_hw_devices xc7a35t_0]
INFO: [Labtools 27-3164] End of startup status: HIGH
refresh_hw_device [lindex [get_hw_devices xc7a35t_0] 0]
INFO: [Labtools 27-1434] Device xc7a35t (JTAG device index = 0) is programmed with a design that has no supported debug core(s) in it.
set_property PROBES.FILE {} [get_hw_devices xc7a35t_0]
set_property FULL_PROBES.FILE {} [get_hw_devices xc7a35t_0]
set_property PROGRAM.FILE {C:/Users/Shlab29/Desktop/dcl_final_project/snake_game/snake_game.runs/impl_1/snake_game.bit} [get_hw_devices xc7a35t_0]
program_hw_devices [get_hw_devices xc7a35t_0]
INFO: [Labtools 27-3164] End of startup status: HIGH
refresh_hw_device [lindex [get_hw_devices xc7a35t_0] 0]
INFO: [Labtools 27-1434] Device xc7a35t (JTAG device index = 0) is programmed with a design that has no supported debug core(s) in it.
reset_run impl_1 -prev_step 
launch_runs impl_1 -to_step write_bitstream -jobs 6
[Wed Jan  6 17:03:32 2021] Launched impl_1...
Run output will be captured here: C:/Users/Shlab29/Desktop/dcl_final_project/snake_game/snake_game.runs/impl_1/runme.log
reset_run synth_1
launch_runs impl_1 -to_step write_bitstream -jobs 6
[Wed Jan  6 17:04:25 2021] Launched synth_1...
Run output will be captured here: C:/Users/Shlab29/Desktop/dcl_final_project/snake_game/snake_game.runs/synth_1/runme.log
[Wed Jan  6 17:04:25 2021] Launched impl_1...
Run output will be captured here: C:/Users/Shlab29/Desktop/dcl_final_project/snake_game/snake_game.runs/impl_1/runme.log
set_property PROBES.FILE {} [get_hw_devices xc7a35t_0]
set_property FULL_PROBES.FILE {} [get_hw_devices xc7a35t_0]
set_property PROGRAM.FILE {C:/Users/Shlab29/Desktop/dcl_final_project/snake_game/snake_game.runs/impl_1/snake_game.bit} [get_hw_devices xc7a35t_0]
program_hw_devices [get_hw_devices xc7a35t_0]
INFO: [Labtools 27-3164] End of startup status: HIGH
refresh_hw_device [lindex [get_hw_devices xc7a35t_0] 0]
INFO: [Labtools 27-1434] Device xc7a35t (JTAG device index = 0) is programmed with a design that has no supported debug core(s) in it.
reset_run impl_1 -prev_step 
launch_runs impl_1 -to_step write_bitstream -jobs 6
[Wed Jan  6 17:14:33 2021] Launched impl_1...
Run output will be captured here: C:/Users/Shlab29/Desktop/dcl_final_project/snake_game/snake_game.runs/impl_1/runme.log
set_property PROBES.FILE {} [get_hw_devices xc7a35t_0]
set_property FULL_PROBES.FILE {} [get_hw_devices xc7a35t_0]
set_property PROGRAM.FILE {C:/Users/Shlab29/Desktop/dcl_final_project/snake_game/snake_game.runs/impl_1/snake_game.bit} [get_hw_devices xc7a35t_0]
program_hw_devices [get_hw_devices xc7a35t_0]
INFO: [Labtools 27-3164] End of startup status: HIGH
refresh_hw_device [lindex [get_hw_devices xc7a35t_0] 0]
INFO: [Labtools 27-1434] Device xc7a35t (JTAG device index = 0) is programmed with a design that has no supported debug core(s) in it.
reset_run impl_1 -prev_step 
launch_runs impl_1 -to_step write_bitstream -jobs 6
[Wed Jan  6 17:21:08 2021] Launched impl_1...
Run output will be captured here: C:/Users/Shlab29/Desktop/dcl_final_project/snake_game/snake_game.runs/impl_1/runme.log
set_property PROBES.FILE {} [get_hw_devices xc7a35t_0]
set_property FULL_PROBES.FILE {} [get_hw_devices xc7a35t_0]
set_property PROGRAM.FILE {C:/Users/Shlab29/Desktop/dcl_final_project/snake_game/snake_game.runs/impl_1/snake_game.bit} [get_hw_devices xc7a35t_0]
program_hw_devices [get_hw_devices xc7a35t_0]
INFO: [Labtools 27-3164] End of startup status: HIGH
refresh_hw_device [lindex [get_hw_devices xc7a35t_0] 0]
INFO: [Labtools 27-1434] Device xc7a35t (JTAG device index = 0) is programmed with a design that has no supported debug core(s) in it.
exit
INFO: [Common 17-206] Exiting Vivado at Wed Jan  6 17:27:30 2021...
