#-----------------------------------------------------------
# Vivado v2020.1 (64-bit)
# SW Build 2902540 on Wed May 27 19:54:49 MDT 2020
# IP Build 2902112 on Wed May 27 22:43:36 MDT 2020
# Start of session at: Sun Jan  3 19:50:14 2021
# Process ID: 6136
# Current directory: C:/Users/Shlab_14/Desktop/dcl_final_project/snake_game
# Command line: vivado.exe -gui_launcher_event rodinguilauncherevent12036 C:\Users\Shlab_14\Desktop\dcl_final_project\snake_game\snake_game.xpr
# Log file: C:/Users/Shlab_14/Desktop/dcl_final_project/snake_game/vivado.log
# Journal file: C:/Users/Shlab_14/Desktop/dcl_final_project/snake_game\vivado.jou
#-----------------------------------------------------------
start_gui
open_project C:/Users/Shlab_14/Desktop/dcl_final_project/snake_game/snake_game.xpr
INFO: [Project 1-313] Project file moved from 'C:/Users/shlab58/Desktop/DCL_Final_Project/dcl_final_project/snake_game' since last save.
Scanning sources...
Finished scanning sources
WARNING: [filemgmt 56-2] IPUserFilesDir: Could not find the directory 'C:/Users/Shlab_14/Desktop/dcl_final_project/snake_game/snake_game.ip_user_files', nor could it be found using path 'C:/Users/shlab58/Desktop/DCL_Final_Project/dcl_final_project/snake_game/snake_game.ip_user_files'.
INFO: [Project 1-230] Project 'snake_game.xpr' upgraded for this version of Vivado.
INFO: [IP_Flow 19-234] Refreshing IP repositories
INFO: [Common 17-41] Interrupt caught. Command should exit soon.
INFO: [IP_Flow 19-1704] No user IP repositories specified
INFO: [IP_Flow 19-2313] Loaded Vivado IP repository 'C:/Xilinx/Vivado/2020.1/data/ip'.
INFO: [IP_Flow 19-2338] Canceling the changes to the IP catalog. Reverting the catalog back to its previous state.
INFO: [IP_Flow 19-2340] The IP catalog has been returned to its previous state.
INFO: [Common 17-344] 'open_project' was cancelled
exit
INFO: [Common 17-206] Exiting Vivado at Sun Jan  3 19:59:32 2021...
